This file contains any messages produced by compilers while
running configure, to aid debugging if configure makes a mistake.

It was created by SHERPA MC configure 2.2.0, which was
generated by GNU Autoconf 2.63.  Invocation command line was

  $ ./configure --enable-analysis --disable-silent-rules --enable-hepmc2=/cvmfs/cms.cern.ch/slc6_amd64_gcc481/external/hepmc/2.06.07-cms4 --with-sqlite3=/cvmfs/cms.cern.ch/slc6_amd64_gcc481/external/sqlite/3.7.17

## --------- ##
## Platform. ##
## --------- ##

hostname = lxplus0029.cern.ch
uname -m = x86_64
uname -r = 2.6.32-504.16.2.el6.x86_64
uname -s = Linux
uname -v = #1 SMP Tue Apr 21 21:44:51 CEST 2015

/usr/bin/uname -p = unknown
/bin/uname -X     = unknown

/bin/arch              = x86_64
/usr/bin/arch -k       = unknown
/usr/convex/getsysinfo = unknown
/usr/bin/hostinfo      = unknown
/bin/machine           = unknown
/usr/bin/oslevel       = unknown
/bin/universe          = unknown

PATH: /afs/cern.ch/work/s/soffi/CMSSW720-HggInt/bin/slc6_amd64_gcc481
PATH: /afs/cern.ch/work/s/soffi/CMSSW720-HggInt/external/slc6_amd64_gcc481/bin
PATH: /cvmfs/cms.cern.ch/slc6_amd64_gcc481/cms/cmssw/CMSSW_7_2_0/bin/slc6_amd64_gcc481
PATH: /cvmfs/cms.cern.ch/slc6_amd64_gcc481/cms/cmssw/CMSSW_7_2_0/external/slc6_amd64_gcc481/bin
PATH: /cvmfs/cms.cern.ch/slc6_amd64_gcc481/external/llvm/3.5/bin
PATH: /cvmfs/cms.cern.ch/slc6_amd64_gcc481/external/gcc/4.8.1/bin
PATH: /afs/cern.ch/group/zh/bin
PATH: /afs/cern.ch/user/s/soffi/scripts
PATH: /afs/cern.ch/cms/caf/scripts
PATH: /cvmfs/cms.cern.ch/common
PATH: /cvmfs/cms.cern.ch/bin
PATH: /usr/sue/bin
PATH: /usr/lib64/qt-3.3/bin
PATH: /usr/kerberos/sbin
PATH: /usr/kerberos/bin
PATH: /usr/local/bin
PATH: /bin
PATH: /usr/bin


## ----------- ##
## Core tests. ##
## ----------- ##

configure:2333: checking for a BSD-compatible install
configure:2401: result: /usr/bin/install -c
configure:2412: checking whether build environment is sane
configure:2472: result: yes
configure:2613: checking for a thread-safe mkdir -p
configure:2652: result: /bin/mkdir -p
configure:2665: checking for gawk
configure:2681: found /bin/gawk
configure:2692: result: gawk
configure:2703: checking whether make sets $(MAKE)
configure:2725: result: yes
configure:2802: checking how to create a ustar tar archive
configure:2815: tar --version
tar (GNU tar) 1.23
Copyright (C) 2010 Free Software Foundation, Inc.
License GPLv3+: GNU GPL version 3 or later <http://gnu.org/licenses/gpl.html>.
This is free software: you are free to change and redistribute it.
There is NO WARRANTY, to the extent permitted by law.

Written by John Gilmore and Jay Fenlason.
configure:2818: $? = 0
configure:2858: tardir=conftest.dir && eval tar --format=ustar -chf - "$tardir" >conftest.tar
configure:2861: $? = 0
configure:2865: tar -xf - <conftest.tar
configure:2868: $? = 0
configure:2881: result: gnutar
configure:2939: checking build system type
configure:2957: result: x86_64-unknown-linux-gnu
configure:3078: checking for a BSD-compatible install
configure:3146: result: /usr/bin/install -c
configure:3157: checking whether make sets $(MAKE)
configure:3179: result: yes
configure:3236: checking for gcc
configure:3252: found /cvmfs/cms.cern.ch/slc6_amd64_gcc481/external/gcc/4.8.1/bin/gcc
configure:3263: result: gcc
configure:3495: checking for C compiler version
configure:3503: gcc --version >&5
gcc (GCC) 4.8.1
Copyright (C) 2013 Free Software Foundation, Inc.
This is free software; see the source for copying conditions.  There is NO
warranty; not even for MERCHANTABILITY or FITNESS FOR A PARTICULAR PURPOSE.

configure:3507: $? = 0
configure:3514: gcc -v >&5
Using built-in specs.
COLLECT_GCC=gcc
COLLECT_LTO_WRAPPER=/cvmfs/cms.cern.ch/slc6_amd64_gcc481/external/gcc/4.8.1/bin/../libexec/gcc/x86_64-redhat-linux-gnu/4.8.1/lto-wrapper
Target: x86_64-redhat-linux-gnu
Configured with: ../configure --prefix=/build/davidlt/build-BOOTSTRAP_slc6_amd64_gcc481/b/tmp/BUILDROOT/e55a93caf1185342d60da645a6c0626d/opt/cmssw/slc6_amd64_gcc481/external/gcc/4.8.1 --disable-multilib --disable-nls --with-zlib=no --enable-languages=c,c++,fortran --enable-gold=yes --enable-ld=default --enable-lto --with-gmp=/build/davidlt/build-BOOTSTRAP_slc6_amd64_gcc481/b/tmp/BUILDROOT/e55a93caf1185342d60da645a6c0626d/opt/cmssw/slc6_amd64_gcc481/external/gcc/4.8.1 --with-mpfr=/build/davidlt/build-BOOTSTRAP_slc6_amd64_gcc481/b/tmp/BUILDROOT/e55a93caf1185342d60da645a6c0626d/opt/cmssw/slc6_amd64_gcc481/external/gcc/4.8.1 --with-mpc=/build/davidlt/build-BOOTSTRAP_slc6_amd64_gcc481/b/tmp/BUILDROOT/e55a93caf1185342d60da645a6c0626d/opt/cmssw/slc6_amd64_gcc481/external/gcc/4.8.1 --with-isl=/build/davidlt/build-BOOTSTRAP_slc6_amd64_gcc481/b/tmp/BUILDROOT/e55a93caf1185342d60da645a6c0626d/opt/cmssw/slc6_amd64_gcc481/external/gcc/4.8.1 --with-cloog=/build/davidlt/build-BOOTSTRAP_slc6_amd64_gcc481/b/tmp/BUILDROOT/e55a93caf1185342d60da645a6c0626d/opt/cmssw/slc6_amd64_gcc481/external/gcc/4.8.1 --enable-checking=release --build=x86_64-redhat-linux-gnu --host=x86_64-redhat-linux-gnu --enable-libstdcxx-time=rt --enable-shared CC='gcc -fPIC' CXX='c++ -fPIC' CPP=cpp CXXCPP='c++ -E'
Thread model: posix
gcc version 4.8.1 (GCC) 
configure:3518: $? = 0
configure:3525: gcc -V >&5
gcc: error: unrecognized command line option '-V'
gcc: fatal error: no input files
compilation terminated.
configure:3529: $? = 1
configure:3552: checking for C compiler default output file name
configure:3574: gcc    conftest.c  >&5
configure:3578: $? = 0
configure:3616: result: a.out
configure:3635: checking whether the C compiler works
configure:3645: ./a.out
configure:3649: $? = 0
configure:3668: result: yes
configure:3675: checking whether we are cross compiling
configure:3677: result: no
configure:3680: checking for suffix of executables
configure:3687: gcc -o conftest    conftest.c  >&5
configure:3691: $? = 0
configure:3717: result: 
configure:3723: checking for suffix of object files
configure:3749: gcc -c   conftest.c >&5
configure:3753: $? = 0
configure:3778: result: o
configure:3782: checking whether we are using the GNU C compiler
configure:3811: gcc -c   conftest.c >&5
configure:3818: $? = 0
configure:3835: result: yes
configure:3844: checking whether gcc accepts -g
configure:3874: gcc -c -g  conftest.c >&5
configure:3881: $? = 0
configure:3982: result: yes
configure:3999: checking for gcc option to accept ISO C89
configure:4073: gcc  -c -g -O2  conftest.c >&5
configure:4080: $? = 0
configure:4103: result: none needed
configure:4132: checking for style of include used by make
configure:4160: result: GNU
configure:4185: checking dependency style of gcc
configure:4295: result: gcc3
configure:4364: checking for gfortran
configure:4380: found /cvmfs/cms.cern.ch/slc6_amd64_gcc481/external/gcc/4.8.1/bin/gfortran
configure:4391: result: gfortran
configure:4417: checking for Fortran compiler version
configure:4425: gfortran --version >&5
GNU Fortran (GCC) 4.8.1
Copyright (C) 2013 Free Software Foundation, Inc.

GNU Fortran comes with NO WARRANTY, to the extent permitted by law.
You may redistribute copies of GNU Fortran
under the terms of the GNU General Public License.
For more information about these matters, see the file named COPYING

configure:4429: $? = 0
configure:4436: gfortran -v >&5
Using built-in specs.
COLLECT_GCC=gfortran
COLLECT_LTO_WRAPPER=/cvmfs/cms.cern.ch/slc6_amd64_gcc481/external/gcc/4.8.1/bin/../libexec/gcc/x86_64-redhat-linux-gnu/4.8.1/lto-wrapper
Target: x86_64-redhat-linux-gnu
Configured with: ../configure --prefix=/build/davidlt/build-BOOTSTRAP_slc6_amd64_gcc481/b/tmp/BUILDROOT/e55a93caf1185342d60da645a6c0626d/opt/cmssw/slc6_amd64_gcc481/external/gcc/4.8.1 --disable-multilib --disable-nls --with-zlib=no --enable-languages=c,c++,fortran --enable-gold=yes --enable-ld=default --enable-lto --with-gmp=/build/davidlt/build-BOOTSTRAP_slc6_amd64_gcc481/b/tmp/BUILDROOT/e55a93caf1185342d60da645a6c0626d/opt/cmssw/slc6_amd64_gcc481/external/gcc/4.8.1 --with-mpfr=/build/davidlt/build-BOOTSTRAP_slc6_amd64_gcc481/b/tmp/BUILDROOT/e55a93caf1185342d60da645a6c0626d/opt/cmssw/slc6_amd64_gcc481/external/gcc/4.8.1 --with-mpc=/build/davidlt/build-BOOTSTRAP_slc6_amd64_gcc481/b/tmp/BUILDROOT/e55a93caf1185342d60da645a6c0626d/opt/cmssw/slc6_amd64_gcc481/external/gcc/4.8.1 --with-isl=/build/davidlt/build-BOOTSTRAP_slc6_amd64_gcc481/b/tmp/BUILDROOT/e55a93caf1185342d60da645a6c0626d/opt/cmssw/slc6_amd64_gcc481/external/gcc/4.8.1 --with-cloog=/build/davidlt/build-BOOTSTRAP_slc6_amd64_gcc481/b/tmp/BUILDROOT/e55a93caf1185342d60da645a6c0626d/opt/cmssw/slc6_amd64_gcc481/external/gcc/4.8.1 --enable-checking=release --build=x86_64-redhat-linux-gnu --host=x86_64-redhat-linux-gnu --enable-libstdcxx-time=rt --enable-shared CC='gcc -fPIC' CXX='c++ -fPIC' CPP=cpp CXXCPP='c++ -E'
Thread model: posix
gcc version 4.8.1 (GCC) 
configure:4440: $? = 0
configure:4447: gfortran -V >&5
gfortran: error: unrecognized command line option '-V'
gfortran: fatal error: no input files
compilation terminated.
configure:4451: $? = 1
configure:4459: checking whether we are using the GNU Fortran compiler
configure:4478: gfortran -c   conftest.F >&5
configure:4485: $? = 0
configure:4502: result: yes
configure:4508: checking whether gfortran accepts -g
configure:4525: gfortran -c -g  conftest.f >&5
configure:4532: $? = 0
configure:4548: result: yes
configure:4577: checking how to get verbose linking output from gfortran
configure:4593: gfortran -c -g -O2  conftest.f >&5
configure:4600: $? = 0
configure:4622: gfortran -o conftest -g -O2 -v conftest.f
Using built-in specs.
Target: x86_64-redhat-linux-gnu
Configured with: ../configure --prefix=/build/davidlt/build-BOOTSTRAP_slc6_amd64_gcc481/b/tmp/BUILDROOT/e55a93caf1185342d60da645a6c0626d/opt/cmssw/slc6_amd64_gcc481/external/gcc/4.8.1 --disable-multilib --disable-nls --with-zlib=no --enable-languages=c,c++,fortran --enable-gold=yes --enable-ld=default --enable-lto --with-gmp=/build/davidlt/build-BOOTSTRAP_slc6_amd64_gcc481/b/tmp/BUILDROOT/e55a93caf1185342d60da645a6c0626d/opt/cmssw/slc6_amd64_gcc481/external/gcc/4.8.1 --with-mpfr=/build/davidlt/build-BOOTSTRAP_slc6_amd64_gcc481/b/tmp/BUILDROOT/e55a93caf1185342d60da645a6c0626d/opt/cmssw/slc6_amd64_gcc481/external/gcc/4.8.1 --with-mpc=/build/davidlt/build-BOOTSTRAP_slc6_amd64_gcc481/b/tmp/BUILDROOT/e55a93caf1185342d60da645a6c0626d/opt/cmssw/slc6_amd64_gcc481/external/gcc/4.8.1 --with-isl=/build/davidlt/build-BOOTSTRAP_slc6_amd64_gcc481/b/tmp/BUILDROOT/e55a93caf1185342d60da645a6c0626d/opt/cmssw/slc6_amd64_gcc481/external/gcc/4.8.1 --with-cloog=/build/davidlt/build-BOOTSTRAP_slc6_amd64_gcc481/b/tmp/BUILDROOT/e55a93caf1185342d60da645a6c0626d/opt/cmssw/slc6_amd64_gcc481/external/gcc/4.8.1 --enable-checking=release --build=x86_64-redhat-linux-gnu --host=x86_64-redhat-linux-gnu --enable-libstdcxx-time=rt --enable-shared CC='gcc -fPIC' CXX='c++ -fPIC' CPP=cpp CXXCPP='c++ -E'
Thread model: posix
gcc version 4.8.1 (GCC) 
 /cvmfs/cms.cern.ch/slc6_amd64_gcc481/external/gcc/4.8.1/bin/../libexec/gcc/x86_64-redhat-linux-gnu/4.8.1/f951 conftest.f -ffixed-form -quiet -dumpbase conftest.f -mtune=generic -march=x86-64 -auxbase conftest -g -O2 -version -fintrinsic-modules-path /cvmfs/cms.cern.ch/slc6_amd64_gcc481/external/gcc/4.8.1/bin/../lib/gcc/x86_64-redhat-linux-gnu/4.8.1/finclude -o /tmp/soffi/ccICAazB.s
GNU Fortran (GCC) version 4.8.1 (x86_64-redhat-linux-gnu)
	compiled by GNU C version 4.8.1, GMP version 5.1.0, MPFR version 3.1.1, MPC version 1.0.1
GGC heuristics: --param ggc-min-expand=100 --param ggc-min-heapsize=131072
GNU Fortran (GCC) version 4.8.1 (x86_64-redhat-linux-gnu)
	compiled by GNU C version 4.8.1, GMP version 5.1.0, MPFR version 3.1.1, MPC version 1.0.1
GGC heuristics: --param ggc-min-expand=100 --param ggc-min-heapsize=131072
 /cvmfs/cms.cern.ch/slc6_amd64_gcc481/external/gcc/4.8.1/bin/../lib/gcc/x86_64-redhat-linux-gnu/4.8.1/../../../../x86_64-redhat-linux-gnu/bin/as -v --64 -o /tmp/soffi/ccJSqCir.o /tmp/soffi/ccICAazB.s
GNU assembler version 2.23.2 (x86_64-redhat-linux-gnu) using BFD version (GNU Binutils) 2.23.2
Reading specs from /cvmfs/cms.cern.ch/slc6_amd64_gcc481/external/gcc/4.8.1/bin/../lib/gcc/x86_64-redhat-linux-gnu/4.8.1/../../../../lib64/libgfortran.spec
rename spec lib to liborig
 /cvmfs/cms.cern.ch/slc6_amd64_gcc481/external/gcc/4.8.1/bin/../libexec/gcc/x86_64-redhat-linux-gnu/4.8.1/collect2 --eh-frame-hdr -m elf_x86_64 -dynamic-linker /lib64/ld-linux-x86-64.so.2 -z common-page-size=4096 -z max-page-size=4096 -o conftest /usr/lib/../lib64/crt1.o /usr/lib/../lib64/crti.o /cvmfs/cms.cern.ch/slc6_amd64_gcc481/external/gcc/4.8.1/bin/../lib/gcc/x86_64-redhat-linux-gnu/4.8.1/crtbegin.o -L/cvmfs/cms.cern.ch/slc6_amd64_gcc481/external/gcc/4.8.1/bin/../lib/gcc/x86_64-redhat-linux-gnu/4.8.1 -L/cvmfs/cms.cern.ch/slc6_amd64_gcc481/external/gcc/4.8.1/bin/../lib/gcc -L/cvmfs/cms.cern.ch/slc6_amd64_gcc481/external/gcc/4.8.1/bin/../lib/gcc/x86_64-redhat-linux-gnu/4.8.1/../../../../lib64 -L/lib/../lib64 -L/usr/lib/../lib64 -L/cvmfs/cms.cern.ch/slc6_amd64_gcc481/external/gcc/4.8.1/bin/../lib/gcc/x86_64-redhat-linux-gnu/4.8.1/../../../../x86_64-redhat-linux-gnu/lib -L/cvmfs/cms.cern.ch/slc6_amd64_gcc481/external/gcc/4.8.1/bin/../lib/gcc/x86_64-redhat-linux-gnu/4.8.1/../../.. /tmp/soffi/ccJSqCir.o -lgfortran -lm -lgcc_s -lgcc -lquadmath -lm -lgcc_s -lgcc -lc -lgcc_s -lgcc /cvmfs/cms.cern.ch/slc6_amd64_gcc481/external/gcc/4.8.1/bin/../lib/gcc/x86_64-redhat-linux-gnu/4.8.1/crtend.o /usr/lib/../lib64/crtn.o
configure:4691: result: -v
configure:4693: checking for Fortran libraries of gfortran
configure:4716: gfortran -o conftest -g -O2 -v conftest.f
Using built-in specs.
Target: x86_64-redhat-linux-gnu
Configured with: ../configure --prefix=/build/davidlt/build-BOOTSTRAP_slc6_amd64_gcc481/b/tmp/BUILDROOT/e55a93caf1185342d60da645a6c0626d/opt/cmssw/slc6_amd64_gcc481/external/gcc/4.8.1 --disable-multilib --disable-nls --with-zlib=no --enable-languages=c,c++,fortran --enable-gold=yes --enable-ld=default --enable-lto --with-gmp=/build/davidlt/build-BOOTSTRAP_slc6_amd64_gcc481/b/tmp/BUILDROOT/e55a93caf1185342d60da645a6c0626d/opt/cmssw/slc6_amd64_gcc481/external/gcc/4.8.1 --with-mpfr=/build/davidlt/build-BOOTSTRAP_slc6_amd64_gcc481/b/tmp/BUILDROOT/e55a93caf1185342d60da645a6c0626d/opt/cmssw/slc6_amd64_gcc481/external/gcc/4.8.1 --with-mpc=/build/davidlt/build-BOOTSTRAP_slc6_amd64_gcc481/b/tmp/BUILDROOT/e55a93caf1185342d60da645a6c0626d/opt/cmssw/slc6_amd64_gcc481/external/gcc/4.8.1 --with-isl=/build/davidlt/build-BOOTSTRAP_slc6_amd64_gcc481/b/tmp/BUILDROOT/e55a93caf1185342d60da645a6c0626d/opt/cmssw/slc6_amd64_gcc481/external/gcc/4.8.1 --with-cloog=/build/davidlt/build-BOOTSTRAP_slc6_amd64_gcc481/b/tmp/BUILDROOT/e55a93caf1185342d60da645a6c0626d/opt/cmssw/slc6_amd64_gcc481/external/gcc/4.8.1 --enable-checking=release --build=x86_64-redhat-linux-gnu --host=x86_64-redhat-linux-gnu --enable-libstdcxx-time=rt --enable-shared CC='gcc -fPIC' CXX='c++ -fPIC' CPP=cpp CXXCPP='c++ -E'
Thread model: posix
gcc version 4.8.1 (GCC) 
 /cvmfs/cms.cern.ch/slc6_amd64_gcc481/external/gcc/4.8.1/bin/../libexec/gcc/x86_64-redhat-linux-gnu/4.8.1/f951 conftest.f -ffixed-form -quiet -dumpbase conftest.f -mtune=generic -march=x86-64 -auxbase conftest -g -O2 -version -fintrinsic-modules-path /cvmfs/cms.cern.ch/slc6_amd64_gcc481/external/gcc/4.8.1/bin/../lib/gcc/x86_64-redhat-linux-gnu/4.8.1/finclude -o /tmp/soffi/ccGulm0l.s
GNU Fortran (GCC) version 4.8.1 (x86_64-redhat-linux-gnu)
	compiled by GNU C version 4.8.1, GMP version 5.1.0, MPFR version 3.1.1, MPC version 1.0.1
GGC heuristics: --param ggc-min-expand=100 --param ggc-min-heapsize=131072
GNU Fortran (GCC) version 4.8.1 (x86_64-redhat-linux-gnu)
	compiled by GNU C version 4.8.1, GMP version 5.1.0, MPFR version 3.1.1, MPC version 1.0.1
GGC heuristics: --param ggc-min-expand=100 --param ggc-min-heapsize=131072
 /cvmfs/cms.cern.ch/slc6_amd64_gcc481/external/gcc/4.8.1/bin/../lib/gcc/x86_64-redhat-linux-gnu/4.8.1/../../../../x86_64-redhat-linux-gnu/bin/as -v --64 -o /tmp/soffi/ccv4SlKd.o /tmp/soffi/ccGulm0l.s
GNU assembler version 2.23.2 (x86_64-redhat-linux-gnu) using BFD version (GNU Binutils) 2.23.2
Reading specs from /cvmfs/cms.cern.ch/slc6_amd64_gcc481/external/gcc/4.8.1/bin/../lib/gcc/x86_64-redhat-linux-gnu/4.8.1/../../../../lib64/libgfortran.spec
rename spec lib to liborig
 /cvmfs/cms.cern.ch/slc6_amd64_gcc481/external/gcc/4.8.1/bin/../libexec/gcc/x86_64-redhat-linux-gnu/4.8.1/collect2 --eh-frame-hdr -m elf_x86_64 -dynamic-linker /lib64/ld-linux-x86-64.so.2 -z common-page-size=4096 -z max-page-size=4096 -o conftest /usr/lib/../lib64/crt1.o /usr/lib/../lib64/crti.o /cvmfs/cms.cern.ch/slc6_amd64_gcc481/external/gcc/4.8.1/bin/../lib/gcc/x86_64-redhat-linux-gnu/4.8.1/crtbegin.o -L/cvmfs/cms.cern.ch/slc6_amd64_gcc481/external/gcc/4.8.1/bin/../lib/gcc/x86_64-redhat-linux-gnu/4.8.1 -L/cvmfs/cms.cern.ch/slc6_amd64_gcc481/external/gcc/4.8.1/bin/../lib/gcc -L/cvmfs/cms.cern.ch/slc6_amd64_gcc481/external/gcc/4.8.1/bin/../lib/gcc/x86_64-redhat-linux-gnu/4.8.1/../../../../lib64 -L/lib/../lib64 -L/usr/lib/../lib64 -L/cvmfs/cms.cern.ch/slc6_amd64_gcc481/external/gcc/4.8.1/bin/../lib/gcc/x86_64-redhat-linux-gnu/4.8.1/../../../../x86_64-redhat-linux-gnu/lib -L/cvmfs/cms.cern.ch/slc6_amd64_gcc481/external/gcc/4.8.1/bin/../lib/gcc/x86_64-redhat-linux-gnu/4.8.1/../../.. /tmp/soffi/ccv4SlKd.o -lgfortran -lm -lgcc_s -lgcc -lquadmath -lm -lgcc_s -lgcc -lc -lgcc_s -lgcc /cvmfs/cms.cern.ch/slc6_amd64_gcc481/external/gcc/4.8.1/bin/../lib/gcc/x86_64-redhat-linux-gnu/4.8.1/crtend.o /usr/lib/../lib64/crtn.o
configure:4893: result:  -L/cvmfs/cms.cern.ch/slc6_amd64_gcc481/external/gcc/4.8.1/bin/../lib/gcc/x86_64-redhat-linux-gnu/4.8.1 -L/cvmfs/cms.cern.ch/slc6_amd64_gcc481/external/gcc/4.8.1/bin/../lib/gcc -L/cvmfs/cms.cern.ch/slc6_amd64_gcc481/external/gcc/4.8.1/bin/../lib/gcc/x86_64-redhat-linux-gnu/4.8.1/../../../../lib64 -L/lib/../lib64 -L/usr/lib/../lib64 -L/cvmfs/cms.cern.ch/slc6_amd64_gcc481/external/gcc/4.8.1/bin/../lib/gcc/x86_64-redhat-linux-gnu/4.8.1/../../../../x86_64-redhat-linux-gnu/lib -L/cvmfs/cms.cern.ch/slc6_amd64_gcc481/external/gcc/4.8.1/bin/../lib/gcc/x86_64-redhat-linux-gnu/4.8.1/../../.. -lgfortran -lm -lquadmath
configure:4910: checking for dummy main to link with Fortran libraries
configure:4954: gcc -o conftest -g -O2   conftest.c   -L/cvmfs/cms.cern.ch/slc6_amd64_gcc481/external/gcc/4.8.1/bin/../lib/gcc/x86_64-redhat-linux-gnu/4.8.1 -L/cvmfs/cms.cern.ch/slc6_amd64_gcc481/external/gcc/4.8.1/bin/../lib/gcc -L/cvmfs/cms.cern.ch/slc6_amd64_gcc481/external/gcc/4.8.1/bin/../lib/gcc/x86_64-redhat-linux-gnu/4.8.1/../../../../lib64 -L/lib/../lib64 -L/usr/lib/../lib64 -L/cvmfs/cms.cern.ch/slc6_amd64_gcc481/external/gcc/4.8.1/bin/../lib/gcc/x86_64-redhat-linux-gnu/4.8.1/../../../../x86_64-redhat-linux-gnu/lib -L/cvmfs/cms.cern.ch/slc6_amd64_gcc481/external/gcc/4.8.1/bin/../lib/gcc/x86_64-redhat-linux-gnu/4.8.1/../../.. -lgfortran -lm -lquadmath >&5
configure:4961: $? = 0
configure:5049: result: none
configure:5088: checking for Fortran name-mangling scheme
configure:5107: gfortran -c -g -O2  conftest.f >&5
configure:5114: $? = 0
configure:5169: gcc -o conftest -g -O2   conftest.c cfortran_test.o   -L/cvmfs/cms.cern.ch/slc6_amd64_gcc481/external/gcc/4.8.1/bin/../lib/gcc/x86_64-redhat-linux-gnu/4.8.1 -L/cvmfs/cms.cern.ch/slc6_amd64_gcc481/external/gcc/4.8.1/bin/../lib/gcc -L/cvmfs/cms.cern.ch/slc6_amd64_gcc481/external/gcc/4.8.1/bin/../lib/gcc/x86_64-redhat-linux-gnu/4.8.1/../../../../lib64 -L/lib/../lib64 -L/usr/lib/../lib64 -L/cvmfs/cms.cern.ch/slc6_amd64_gcc481/external/gcc/4.8.1/bin/../lib/gcc/x86_64-redhat-linux-gnu/4.8.1/../../../../x86_64-redhat-linux-gnu/lib -L/cvmfs/cms.cern.ch/slc6_amd64_gcc481/external/gcc/4.8.1/bin/../lib/gcc/x86_64-redhat-linux-gnu/4.8.1/../../.. -lgfortran -lm -lquadmath >&5
/tmp/soffi/ccdh0uEv.o: In function `main':
/afs/cern.ch/work/s/soffi/CMSSW720-HggInt/src/hintmcnlo/conftest.c:33: undefined reference to `foobar'
collect2: error: ld returned 1 exit status
configure:5176: $? = 1
configure: failed program was:
| /* confdefs.h.  */
| #define PACKAGE_NAME "SHERPA MC"
| #define PACKAGE_TARNAME "SHERPA-MC"
| #define PACKAGE_VERSION "2.2.0"
| #define PACKAGE_STRING "SHERPA MC 2.2.0"
| #define PACKAGE_BUGREPORT "sherpa@projects.hepforge.org"
| #define PACKAGE "SHERPA-MC"
| #define VERSION "2.2.0"
| #define ARCH_LINUX "1"
| #define LIB_SUFFIX ".so"
| #define LD_PATH_NAME "LD_LIBRARY_PATH"
| #define SHERPA_NAME "Cho Oyu"
| /* end confdefs.h.  */
| 
| /* Override any GCC internal prototype to avoid an error.
|    Use char because int might match the return type of a GCC
|    builtin and then its argument prototype would still apply.  */
| #ifdef __cplusplus
| extern "C"
| #endif
| char foobar ();
| #ifdef FC_DUMMY_MAIN
| #ifndef FC_DUMMY_MAIN_EQ_F77
| #  ifdef __cplusplus
|      extern "C"
| #  endif
|    int FC_DUMMY_MAIN() { return 1; }
| #endif
| #endif
| int
| main ()
| {
| return foobar ();
|   ;
|   return 0;
| }
configure:5169: gcc -o conftest -g -O2   conftest.c cfortran_test.o   -L/cvmfs/cms.cern.ch/slc6_amd64_gcc481/external/gcc/4.8.1/bin/../lib/gcc/x86_64-redhat-linux-gnu/4.8.1 -L/cvmfs/cms.cern.ch/slc6_amd64_gcc481/external/gcc/4.8.1/bin/../lib/gcc -L/cvmfs/cms.cern.ch/slc6_amd64_gcc481/external/gcc/4.8.1/bin/../lib/gcc/x86_64-redhat-linux-gnu/4.8.1/../../../../lib64 -L/lib/../lib64 -L/usr/lib/../lib64 -L/cvmfs/cms.cern.ch/slc6_amd64_gcc481/external/gcc/4.8.1/bin/../lib/gcc/x86_64-redhat-linux-gnu/4.8.1/../../../../x86_64-redhat-linux-gnu/lib -L/cvmfs/cms.cern.ch/slc6_amd64_gcc481/external/gcc/4.8.1/bin/../lib/gcc/x86_64-redhat-linux-gnu/4.8.1/../../.. -lgfortran -lm -lquadmath >&5
configure:5176: $? = 0
configure:5258: gcc -o conftest -g -O2   conftest.c cfortran_test.o   -L/cvmfs/cms.cern.ch/slc6_amd64_gcc481/external/gcc/4.8.1/bin/../lib/gcc/x86_64-redhat-linux-gnu/4.8.1 -L/cvmfs/cms.cern.ch/slc6_amd64_gcc481/external/gcc/4.8.1/bin/../lib/gcc -L/cvmfs/cms.cern.ch/slc6_amd64_gcc481/external/gcc/4.8.1/bin/../lib/gcc/x86_64-redhat-linux-gnu/4.8.1/../../../../lib64 -L/lib/../lib64 -L/usr/lib/../lib64 -L/cvmfs/cms.cern.ch/slc6_amd64_gcc481/external/gcc/4.8.1/bin/../lib/gcc/x86_64-redhat-linux-gnu/4.8.1/../../../../x86_64-redhat-linux-gnu/lib -L/cvmfs/cms.cern.ch/slc6_amd64_gcc481/external/gcc/4.8.1/bin/../lib/gcc/x86_64-redhat-linux-gnu/4.8.1/../../.. -lgfortran -lm -lquadmath >&5
configure:5265: $? = 0
configure:5328: result: lower case, underscore, no extra underscore
configure:5446: checking for MPI
configure:5447: result: no
configure:6371: checking for g++
configure:6387: found /cvmfs/cms.cern.ch/slc6_amd64_gcc481/external/gcc/4.8.1/bin/g++
configure:6398: result: g++
configure:6425: checking for C++ compiler version
configure:6433: g++ --version >&5
g++ (GCC) 4.8.1
Copyright (C) 2013 Free Software Foundation, Inc.
This is free software; see the source for copying conditions.  There is NO
warranty; not even for MERCHANTABILITY or FITNESS FOR A PARTICULAR PURPOSE.

configure:6437: $? = 0
configure:6444: g++ -v >&5
Using built-in specs.
COLLECT_GCC=g++
COLLECT_LTO_WRAPPER=/cvmfs/cms.cern.ch/slc6_amd64_gcc481/external/gcc/4.8.1/bin/../libexec/gcc/x86_64-redhat-linux-gnu/4.8.1/lto-wrapper
Target: x86_64-redhat-linux-gnu
Configured with: ../configure --prefix=/build/davidlt/build-BOOTSTRAP_slc6_amd64_gcc481/b/tmp/BUILDROOT/e55a93caf1185342d60da645a6c0626d/opt/cmssw/slc6_amd64_gcc481/external/gcc/4.8.1 --disable-multilib --disable-nls --with-zlib=no --enable-languages=c,c++,fortran --enable-gold=yes --enable-ld=default --enable-lto --with-gmp=/build/davidlt/build-BOOTSTRAP_slc6_amd64_gcc481/b/tmp/BUILDROOT/e55a93caf1185342d60da645a6c0626d/opt/cmssw/slc6_amd64_gcc481/external/gcc/4.8.1 --with-mpfr=/build/davidlt/build-BOOTSTRAP_slc6_amd64_gcc481/b/tmp/BUILDROOT/e55a93caf1185342d60da645a6c0626d/opt/cmssw/slc6_amd64_gcc481/external/gcc/4.8.1 --with-mpc=/build/davidlt/build-BOOTSTRAP_slc6_amd64_gcc481/b/tmp/BUILDROOT/e55a93caf1185342d60da645a6c0626d/opt/cmssw/slc6_amd64_gcc481/external/gcc/4.8.1 --with-isl=/build/davidlt/build-BOOTSTRAP_slc6_amd64_gcc481/b/tmp/BUILDROOT/e55a93caf1185342d60da645a6c0626d/opt/cmssw/slc6_amd64_gcc481/external/gcc/4.8.1 --with-cloog=/build/davidlt/build-BOOTSTRAP_slc6_amd64_gcc481/b/tmp/BUILDROOT/e55a93caf1185342d60da645a6c0626d/opt/cmssw/slc6_amd64_gcc481/external/gcc/4.8.1 --enable-checking=release --build=x86_64-redhat-linux-gnu --host=x86_64-redhat-linux-gnu --enable-libstdcxx-time=rt --enable-shared CC='gcc -fPIC' CXX='c++ -fPIC' CPP=cpp CXXCPP='c++ -E'
Thread model: posix
gcc version 4.8.1 (GCC) 
configure:6448: $? = 0
configure:6455: g++ -V >&5
g++: error: unrecognized command line option '-V'
g++: fatal error: no input files
compilation terminated.
configure:6459: $? = 1
configure:6462: checking whether we are using the GNU C++ compiler
configure:6499: g++ -c   conftest.cpp >&5
configure:6506: $? = 0
configure:6523: result: yes
configure:6532: checking whether g++ accepts -g
configure:6570: g++ -c -g  conftest.cpp >&5
configure:6577: $? = 0
configure:6694: result: yes
configure:6719: checking dependency style of g++
configure:6829: result: gcc3
configure:6874: checking for Python extension
configure:6875: result: no
configure:7662: checking host system type
configure:7677: result: x86_64-unknown-linux-gnu
configure:7699: checking for a sed that does not truncate output
configure:7765: result: /bin/sed
configure:7783: checking for grep that handles long lines and -e
configure:7843: result: /bin/grep
configure:7848: checking for egrep
configure:7912: result: /bin/grep -E
configure:7917: checking for fgrep
configure:7981: result: /bin/grep -F
configure:8016: checking for ld used by gcc
configure:8083: result: /cvmfs/cms.cern.ch/slc6_amd64_gcc481/external/gcc/4.8.1/x86_64-redhat-linux-gnu/bin/ld
configure:8092: checking if the linker (/cvmfs/cms.cern.ch/slc6_amd64_gcc481/external/gcc/4.8.1/x86_64-redhat-linux-gnu/bin/ld) is GNU ld
configure:8107: result: yes
configure:8119: checking for BSD- or MS-compatible name lister (nm)
configure:8168: result: /cvmfs/cms.cern.ch/slc6_amd64_gcc481/external/gcc/4.8.1/bin/nm -B
configure:8286: checking the name lister (/cvmfs/cms.cern.ch/slc6_amd64_gcc481/external/gcc/4.8.1/bin/nm -B) interface
configure:8293: gcc -c -g -O2  conftest.c >&5
configure:8296: /cvmfs/cms.cern.ch/slc6_amd64_gcc481/external/gcc/4.8.1/bin/nm -B "conftest.o"
configure:8299: output
0000000000000000 B some_variable
configure:8306: result: BSD nm
configure:8309: checking whether ln -s works
configure:8313: result: yes
configure:8321: checking the maximum length of command line arguments
configure:8441: result: 1966080
configure:8458: checking whether the shell understands some XSI constructs
configure:8468: result: yes
configure:8472: checking whether the shell understands "+="
configure:8478: result: yes
configure:8513: checking for /cvmfs/cms.cern.ch/slc6_amd64_gcc481/external/gcc/4.8.1/x86_64-redhat-linux-gnu/bin/ld option to reload object files
configure:8520: result: -r
configure:8589: checking for objdump
configure:8605: found /cvmfs/cms.cern.ch/slc6_amd64_gcc481/external/gcc/4.8.1/bin/objdump
configure:8616: result: objdump
configure:8648: checking how to recognize dependent libraries
configure:8844: result: pass_all
configure:8904: checking for ar
configure:8920: found /cvmfs/cms.cern.ch/slc6_amd64_gcc481/external/gcc/4.8.1/bin/ar
configure:8931: result: ar
configure:9009: checking for strip
configure:9025: found /cvmfs/cms.cern.ch/slc6_amd64_gcc481/external/gcc/4.8.1/bin/strip
configure:9036: result: strip
configure:9108: checking for ranlib
configure:9124: found /cvmfs/cms.cern.ch/slc6_amd64_gcc481/external/gcc/4.8.1/bin/ranlib
configure:9135: result: ranlib
configure:9225: checking command to parse /cvmfs/cms.cern.ch/slc6_amd64_gcc481/external/gcc/4.8.1/bin/nm -B output from gcc object
configure:9343: gcc -c -g -O2  conftest.c >&5
configure:9346: $? = 0
configure:9350: /cvmfs/cms.cern.ch/slc6_amd64_gcc481/external/gcc/4.8.1/bin/nm -B conftest.o \| sed -n -e 's/^.*[	 ]\([ABCDGIRSTW][ABCDGIRSTW]*\)[	 ][	 ]*\([_A-Za-z][_A-Za-z0-9]*\)$/\1 \2 \2/p' \> conftest.nm
configure:9353: $? = 0
configure:9407: gcc -o conftest -g -O2   conftest.c conftstm.o >&5
configure:9410: $? = 0
configure:9448: result: ok
configure:9543: gcc -c -g -O2  conftest.c >&5
configure:9546: $? = 0
configure:10330: checking how to run the C preprocessor
configure:10370: gcc -E  conftest.c
configure:10377: $? = 0
configure:10408: gcc -E  conftest.c
conftest.c:16:28: fatal error: ac_nonexistent.h: No such file or directory
 #include <ac_nonexistent.h>
                            ^
compilation terminated.
configure:10415: $? = 1
configure: failed program was:
| /* confdefs.h.  */
| #define PACKAGE_NAME "SHERPA MC"
| #define PACKAGE_TARNAME "SHERPA-MC"
| #define PACKAGE_VERSION "2.2.0"
| #define PACKAGE_STRING "SHERPA MC 2.2.0"
| #define PACKAGE_BUGREPORT "sherpa@projects.hepforge.org"
| #define PACKAGE "SHERPA-MC"
| #define VERSION "2.2.0"
| #define ARCH_LINUX "1"
| #define LIB_SUFFIX ".so"
| #define LD_PATH_NAME "LD_LIBRARY_PATH"
| #define SHERPA_NAME "Cho Oyu"
| #define FC_FUNC(name,NAME) name ## _
| #define FC_FUNC_(name,NAME) name ## _
| /* end confdefs.h.  */
| #include <ac_nonexistent.h>
configure:10448: result: gcc -E
configure:10477: gcc -E  conftest.c
configure:10484: $? = 0
configure:10515: gcc -E  conftest.c
conftest.c:16:28: fatal error: ac_nonexistent.h: No such file or directory
 #include <ac_nonexistent.h>
                            ^
compilation terminated.
configure:10522: $? = 1
configure: failed program was:
| /* confdefs.h.  */
| #define PACKAGE_NAME "SHERPA MC"
| #define PACKAGE_TARNAME "SHERPA-MC"
| #define PACKAGE_VERSION "2.2.0"
| #define PACKAGE_STRING "SHERPA MC 2.2.0"
| #define PACKAGE_BUGREPORT "sherpa@projects.hepforge.org"
| #define PACKAGE "SHERPA-MC"
| #define VERSION "2.2.0"
| #define ARCH_LINUX "1"
| #define LIB_SUFFIX ".so"
| #define LD_PATH_NAME "LD_LIBRARY_PATH"
| #define SHERPA_NAME "Cho Oyu"
| #define FC_FUNC(name,NAME) name ## _
| #define FC_FUNC_(name,NAME) name ## _
| /* end confdefs.h.  */
| #include <ac_nonexistent.h>
configure:10562: checking for ANSI C header files
configure:10600: gcc -c -g -O2  conftest.c >&5
configure:10607: $? = 0
configure:10706: gcc -o conftest -g -O2   conftest.c  >&5
configure:10710: $? = 0
configure:10716: ./conftest
configure:10720: $? = 0
configure:10738: result: yes
configure:10762: checking for sys/types.h
configure:10783: gcc -c -g -O2  conftest.c >&5
configure:10790: $? = 0
configure:10807: result: yes
configure:10762: checking for sys/stat.h
configure:10783: gcc -c -g -O2  conftest.c >&5
configure:10790: $? = 0
configure:10807: result: yes
configure:10762: checking for stdlib.h
configure:10783: gcc -c -g -O2  conftest.c >&5
configure:10790: $? = 0
configure:10807: result: yes
configure:10762: checking for string.h
configure:10783: gcc -c -g -O2  conftest.c >&5
configure:10790: $? = 0
configure:10807: result: yes
configure:10762: checking for memory.h
configure:10783: gcc -c -g -O2  conftest.c >&5
configure:10790: $? = 0
configure:10807: result: yes
configure:10762: checking for strings.h
configure:10783: gcc -c -g -O2  conftest.c >&5
configure:10790: $? = 0
configure:10807: result: yes
configure:10762: checking for inttypes.h
configure:10783: gcc -c -g -O2  conftest.c >&5
configure:10790: $? = 0
configure:10807: result: yes
configure:10762: checking for stdint.h
configure:10783: gcc -c -g -O2  conftest.c >&5
configure:10790: $? = 0
configure:10807: result: yes
configure:10762: checking for unistd.h
configure:10783: gcc -c -g -O2  conftest.c >&5
configure:10790: $? = 0
configure:10807: result: yes
configure:10825: checking for dlfcn.h
configure:10846: gcc -c -g -O2  conftest.c >&5
configure:10853: $? = 0
configure:10870: result: yes
configure:10997: checking for C++ compiler version
configure:11005: g++ -Wl,--no-as-needed --version >&5
g++ (GCC) 4.8.1
Copyright (C) 2013 Free Software Foundation, Inc.
This is free software; see the source for copying conditions.  There is NO
warranty; not even for MERCHANTABILITY or FITNESS FOR A PARTICULAR PURPOSE.

configure:11009: $? = 0
configure:11016: g++ -Wl,--no-as-needed -v >&5
Using built-in specs.
COLLECT_GCC=g++
COLLECT_LTO_WRAPPER=/cvmfs/cms.cern.ch/slc6_amd64_gcc481/external/gcc/4.8.1/bin/../libexec/gcc/x86_64-redhat-linux-gnu/4.8.1/lto-wrapper
Target: x86_64-redhat-linux-gnu
Configured with: ../configure --prefix=/build/davidlt/build-BOOTSTRAP_slc6_amd64_gcc481/b/tmp/BUILDROOT/e55a93caf1185342d60da645a6c0626d/opt/cmssw/slc6_amd64_gcc481/external/gcc/4.8.1 --disable-multilib --disable-nls --with-zlib=no --enable-languages=c,c++,fortran --enable-gold=yes --enable-ld=default --enable-lto --with-gmp=/build/davidlt/build-BOOTSTRAP_slc6_amd64_gcc481/b/tmp/BUILDROOT/e55a93caf1185342d60da645a6c0626d/opt/cmssw/slc6_amd64_gcc481/external/gcc/4.8.1 --with-mpfr=/build/davidlt/build-BOOTSTRAP_slc6_amd64_gcc481/b/tmp/BUILDROOT/e55a93caf1185342d60da645a6c0626d/opt/cmssw/slc6_amd64_gcc481/external/gcc/4.8.1 --with-mpc=/build/davidlt/build-BOOTSTRAP_slc6_amd64_gcc481/b/tmp/BUILDROOT/e55a93caf1185342d60da645a6c0626d/opt/cmssw/slc6_amd64_gcc481/external/gcc/4.8.1 --with-isl=/build/davidlt/build-BOOTSTRAP_slc6_amd64_gcc481/b/tmp/BUILDROOT/e55a93caf1185342d60da645a6c0626d/opt/cmssw/slc6_amd64_gcc481/external/gcc/4.8.1 --with-cloog=/build/davidlt/build-BOOTSTRAP_slc6_amd64_gcc481/b/tmp/BUILDROOT/e55a93caf1185342d60da645a6c0626d/opt/cmssw/slc6_amd64_gcc481/external/gcc/4.8.1 --enable-checking=release --build=x86_64-redhat-linux-gnu --host=x86_64-redhat-linux-gnu --enable-libstdcxx-time=rt --enable-shared CC='gcc -fPIC' CXX='c++ -fPIC' CPP=cpp CXXCPP='c++ -E'
Thread model: posix
gcc version 4.8.1 (GCC) 
COMPILER_PATH=/cvmfs/cms.cern.ch/slc6_amd64_gcc481/external/gcc/4.8.1/bin/../libexec/gcc/x86_64-redhat-linux-gnu/4.8.1/:/cvmfs/cms.cern.ch/slc6_amd64_gcc481/external/gcc/4.8.1/bin/../libexec/gcc/:/cvmfs/cms.cern.ch/slc6_amd64_gcc481/external/gcc/4.8.1/bin/../lib/gcc/x86_64-redhat-linux-gnu/4.8.1/../../../../x86_64-redhat-linux-gnu/bin/
LIBRARY_PATH=/cvmfs/cms.cern.ch/slc6_amd64_gcc481/external/gcc/4.8.1/bin/../lib/gcc/x86_64-redhat-linux-gnu/4.8.1/:/cvmfs/cms.cern.ch/slc6_amd64_gcc481/external/gcc/4.8.1/bin/../lib/gcc/:/cvmfs/cms.cern.ch/slc6_amd64_gcc481/external/gcc/4.8.1/bin/../lib/gcc/x86_64-redhat-linux-gnu/4.8.1/../../../../lib64/:/lib/../lib64/:/usr/lib/../lib64/:/cvmfs/cms.cern.ch/slc6_amd64_gcc481/external/gcc/4.8.1/bin/../lib/gcc/x86_64-redhat-linux-gnu/4.8.1/../../../../x86_64-redhat-linux-gnu/lib/:/cvmfs/cms.cern.ch/slc6_amd64_gcc481/external/gcc/4.8.1/bin/../lib/gcc/x86_64-redhat-linux-gnu/4.8.1/../../../:/lib/:/usr/lib/
COLLECT_GCC_OPTIONS='-v' '-shared-libgcc' '-mtune=generic' '-march=x86-64'
 /cvmfs/cms.cern.ch/slc6_amd64_gcc481/external/gcc/4.8.1/bin/../libexec/gcc/x86_64-redhat-linux-gnu/4.8.1/collect2 --eh-frame-hdr -m elf_x86_64 -dynamic-linker /lib64/ld-linux-x86-64.so.2 -z common-page-size=4096 -z max-page-size=4096 /usr/lib/../lib64/crt1.o /usr/lib/../lib64/crti.o /cvmfs/cms.cern.ch/slc6_amd64_gcc481/external/gcc/4.8.1/bin/../lib/gcc/x86_64-redhat-linux-gnu/4.8.1/crtbegin.o -L/cvmfs/cms.cern.ch/slc6_amd64_gcc481/external/gcc/4.8.1/bin/../lib/gcc/x86_64-redhat-linux-gnu/4.8.1 -L/cvmfs/cms.cern.ch/slc6_amd64_gcc481/external/gcc/4.8.1/bin/../lib/gcc -L/cvmfs/cms.cern.ch/slc6_amd64_gcc481/external/gcc/4.8.1/bin/../lib/gcc/x86_64-redhat-linux-gnu/4.8.1/../../../../lib64 -L/lib/../lib64 -L/usr/lib/../lib64 -L/cvmfs/cms.cern.ch/slc6_amd64_gcc481/external/gcc/4.8.1/bin/../lib/gcc/x86_64-redhat-linux-gnu/4.8.1/../../../../x86_64-redhat-linux-gnu/lib -L/cvmfs/cms.cern.ch/slc6_amd64_gcc481/external/gcc/4.8.1/bin/../lib/gcc/x86_64-redhat-linux-gnu/4.8.1/../../.. --no-as-needed -lstdc++ -lm -lgcc_s -lgcc -lc -lgcc_s -lgcc /cvmfs/cms.cern.ch/slc6_amd64_gcc481/external/gcc/4.8.1/bin/../lib/gcc/x86_64-redhat-linux-gnu/4.8.1/crtend.o /usr/lib/../lib64/crtn.o
/usr/lib/../lib64/crt1.o: In function `_start':
(.text+0x20): undefined reference to `main'
collect2: error: ld returned 1 exit status
configure:11020: $? = 1
configure:11027: g++ -Wl,--no-as-needed -V >&5
g++: error: unrecognized command line option '-V'
configure:11031: $? = 1
configure:11034: checking whether we are using the GNU C++ compiler
configure:11095: result: yes
configure:11104: checking whether g++ -Wl,--no-as-needed accepts -g
configure:11266: result: yes
configure:11291: checking dependency style of g++ -Wl,--no-as-needed
configure:11401: result: gcc3
configure:11424: checking how to run the C++ preprocessor
configure:11460: g++ -Wl,--no-as-needed -E  conftest.cpp
configure:11467: $? = 0
configure:11498: g++ -Wl,--no-as-needed -E  conftest.cpp
conftest.cpp:27:28: fatal error: ac_nonexistent.h: No such file or directory
 #include <ac_nonexistent.h>
                            ^
compilation terminated.
configure:11505: $? = 1
configure: failed program was:
| /* confdefs.h.  */
| #define PACKAGE_NAME "SHERPA MC"
| #define PACKAGE_TARNAME "SHERPA-MC"
| #define PACKAGE_VERSION "2.2.0"
| #define PACKAGE_STRING "SHERPA MC 2.2.0"
| #define PACKAGE_BUGREPORT "sherpa@projects.hepforge.org"
| #define PACKAGE "SHERPA-MC"
| #define VERSION "2.2.0"
| #define ARCH_LINUX "1"
| #define LIB_SUFFIX ".so"
| #define LD_PATH_NAME "LD_LIBRARY_PATH"
| #define SHERPA_NAME "Cho Oyu"
| #define FC_FUNC(name,NAME) name ## _
| #define FC_FUNC_(name,NAME) name ## _
| #define STDC_HEADERS 1
| #define HAVE_SYS_TYPES_H 1
| #define HAVE_SYS_STAT_H 1
| #define HAVE_STDLIB_H 1
| #define HAVE_STRING_H 1
| #define HAVE_MEMORY_H 1
| #define HAVE_STRINGS_H 1
| #define HAVE_INTTYPES_H 1
| #define HAVE_STDINT_H 1
| #define HAVE_UNISTD_H 1
| #define HAVE_DLFCN_H 1
| /* end confdefs.h.  */
| #include <ac_nonexistent.h>
configure:11538: result: g++ -Wl,--no-as-needed -E
configure:11567: g++ -Wl,--no-as-needed -E  conftest.cpp
configure:11574: $? = 0
configure:11605: g++ -Wl,--no-as-needed -E  conftest.cpp
conftest.cpp:27:28: fatal error: ac_nonexistent.h: No such file or directory
 #include <ac_nonexistent.h>
                            ^
compilation terminated.
configure:11612: $? = 1
configure: failed program was:
| /* confdefs.h.  */
| #define PACKAGE_NAME "SHERPA MC"
| #define PACKAGE_TARNAME "SHERPA-MC"
| #define PACKAGE_VERSION "2.2.0"
| #define PACKAGE_STRING "SHERPA MC 2.2.0"
| #define PACKAGE_BUGREPORT "sherpa@projects.hepforge.org"
| #define PACKAGE "SHERPA-MC"
| #define VERSION "2.2.0"
| #define ARCH_LINUX "1"
| #define LIB_SUFFIX ".so"
| #define LD_PATH_NAME "LD_LIBRARY_PATH"
| #define SHERPA_NAME "Cho Oyu"
| #define FC_FUNC(name,NAME) name ## _
| #define FC_FUNC_(name,NAME) name ## _
| #define STDC_HEADERS 1
| #define HAVE_SYS_TYPES_H 1
| #define HAVE_SYS_STAT_H 1
| #define HAVE_STDLIB_H 1
| #define HAVE_STRING_H 1
| #define HAVE_MEMORY_H 1
| #define HAVE_STRINGS_H 1
| #define HAVE_INTTYPES_H 1
| #define HAVE_STDINT_H 1
| #define HAVE_UNISTD_H 1
| #define HAVE_DLFCN_H 1
| /* end confdefs.h.  */
| #include <ac_nonexistent.h>
configure:11760: checking for Fortran compiler version
configure:11768: gfortran --version >&5
GNU Fortran (GCC) 4.8.1
Copyright (C) 2013 Free Software Foundation, Inc.

GNU Fortran comes with NO WARRANTY, to the extent permitted by law.
You may redistribute copies of GNU Fortran
under the terms of the GNU General Public License.
For more information about these matters, see the file named COPYING

configure:11772: $? = 0
configure:11779: gfortran -v >&5
Using built-in specs.
COLLECT_GCC=gfortran
COLLECT_LTO_WRAPPER=/cvmfs/cms.cern.ch/slc6_amd64_gcc481/external/gcc/4.8.1/bin/../libexec/gcc/x86_64-redhat-linux-gnu/4.8.1/lto-wrapper
Target: x86_64-redhat-linux-gnu
Configured with: ../configure --prefix=/build/davidlt/build-BOOTSTRAP_slc6_amd64_gcc481/b/tmp/BUILDROOT/e55a93caf1185342d60da645a6c0626d/opt/cmssw/slc6_amd64_gcc481/external/gcc/4.8.1 --disable-multilib --disable-nls --with-zlib=no --enable-languages=c,c++,fortran --enable-gold=yes --enable-ld=default --enable-lto --with-gmp=/build/davidlt/build-BOOTSTRAP_slc6_amd64_gcc481/b/tmp/BUILDROOT/e55a93caf1185342d60da645a6c0626d/opt/cmssw/slc6_amd64_gcc481/external/gcc/4.8.1 --with-mpfr=/build/davidlt/build-BOOTSTRAP_slc6_amd64_gcc481/b/tmp/BUILDROOT/e55a93caf1185342d60da645a6c0626d/opt/cmssw/slc6_amd64_gcc481/external/gcc/4.8.1 --with-mpc=/build/davidlt/build-BOOTSTRAP_slc6_amd64_gcc481/b/tmp/BUILDROOT/e55a93caf1185342d60da645a6c0626d/opt/cmssw/slc6_amd64_gcc481/external/gcc/4.8.1 --with-isl=/build/davidlt/build-BOOTSTRAP_slc6_amd64_gcc481/b/tmp/BUILDROOT/e55a93caf1185342d60da645a6c0626d/opt/cmssw/slc6_amd64_gcc481/external/gcc/4.8.1 --with-cloog=/build/davidlt/build-BOOTSTRAP_slc6_amd64_gcc481/b/tmp/BUILDROOT/e55a93caf1185342d60da645a6c0626d/opt/cmssw/slc6_amd64_gcc481/external/gcc/4.8.1 --enable-checking=release --build=x86_64-redhat-linux-gnu --host=x86_64-redhat-linux-gnu --enable-libstdcxx-time=rt --enable-shared CC='gcc -fPIC' CXX='c++ -fPIC' CPP=cpp CXXCPP='c++ -E'
Thread model: posix
gcc version 4.8.1 (GCC) 
configure:11783: $? = 0
configure:11790: gfortran -V >&5
gfortran: error: unrecognized command line option '-V'
gfortran: fatal error: no input files
compilation terminated.
configure:11794: $? = 1
configure:11802: checking whether we are using the GNU Fortran compiler
configure:11845: result: yes
configure:11851: checking whether gfortran accepts -g
configure:11891: result: yes
configure:12063: checking for objdir
configure:12078: result: .libs
configure:12374: checking if gcc supports -fno-rtti -fno-exceptions
configure:12392: gcc -c -g -O2  -fno-rtti -fno-exceptions conftest.c >&5
cc1: warning: command line option '-fno-rtti' is valid for C++/ObjC++ but not for C [enabled by default]
configure:12396: $? = 0
configure:12409: result: no
configure:12429: checking for gcc option to produce PIC
configure:12701: result: -fPIC -DPIC
configure:12713: checking if gcc PIC flag -fPIC -DPIC works
configure:12731: gcc -c -g -O2  -fPIC -DPIC -DPIC conftest.c >&5
configure:12735: $? = 0
configure:12748: result: yes
configure:12772: checking if gcc static flag -static works
configure:12800: result: yes
configure:12815: checking if gcc supports -c -o file.o
configure:12836: gcc -c -g -O2  -o out/conftest2.o conftest.c >&5
configure:12840: $? = 0
configure:12862: result: yes
configure:12870: checking if gcc supports -c -o file.o
configure:12917: result: yes
configure:12950: checking whether the gcc linker (/cvmfs/cms.cern.ch/slc6_amd64_gcc481/external/gcc/4.8.1/x86_64-redhat-linux-gnu/bin/ld -m elf_x86_64) supports shared libraries
configure:14040: result: yes
configure:14077: checking whether -lc should be explicitly linked in
configure:14082: gcc -c -g -O2  conftest.c >&5
configure:14085: $? = 0
configure:14100: gcc -shared conftest.o  -v -Wl,-soname -Wl,conftest -o conftest 2\>\&1 \| /bin/grep  -lc  \>/dev/null 2\>\&1
configure:14103: $? = 0
configure:14115: result: no
configure:14279: checking dynamic linker characteristics
configure:14730: gcc -o conftest -g -O2   -Wl,-rpath -Wl,/foo conftest.c  >&5
configure:14737: $? = 0
configure:14973: result: GNU/Linux ld.so
configure:15075: checking how to hardcode library paths into programs
configure:15100: result: immediate
configure:15989: checking whether stripping libraries is possible
configure:15994: result: yes
configure:16029: checking if libtool supports shared libraries
configure:16031: result: yes
configure:16034: checking whether to build shared libraries
configure:16055: result: yes
configure:16058: checking whether to build static libraries
configure:16062: result: no
configure:16212: checking for ld used by g++ -Wl,--no-as-needed
configure:16279: result: /cvmfs/cms.cern.ch/slc6_amd64_gcc481/external/gcc/4.8.1/x86_64-redhat-linux-gnu/bin/ld -m elf_x86_64
configure:16288: checking if the linker (/cvmfs/cms.cern.ch/slc6_amd64_gcc481/external/gcc/4.8.1/x86_64-redhat-linux-gnu/bin/ld -m elf_x86_64) is GNU ld
configure:16303: result: yes
configure:16358: checking whether the g++ -Wl,--no-as-needed linker (/cvmfs/cms.cern.ch/slc6_amd64_gcc481/external/gcc/4.8.1/x86_64-redhat-linux-gnu/bin/ld -m elf_x86_64) supports shared libraries
configure:17349: result: yes
configure:17377: g++ -Wl,--no-as-needed -c   conftest.cpp >&5
configure:17380: $? = 0
configure:17562: checking for g++ -Wl,--no-as-needed option to produce PIC
configure:17879: result: -fPIC -DPIC
configure:17888: checking if g++ -Wl,--no-as-needed PIC flag -fPIC -DPIC works
configure:17906: g++ -Wl,--no-as-needed -c   -fPIC -DPIC -DPIC conftest.cpp >&5
configure:17910: $? = 0
configure:17923: result: yes
configure:17944: checking if g++ -Wl,--no-as-needed static flag -static works
configure:17972: result: no
configure:17984: checking if g++ -Wl,--no-as-needed supports -c -o file.o
configure:18005: g++ -Wl,--no-as-needed -c   -o out/conftest2.o conftest.cpp >&5
configure:18009: $? = 0
configure:18031: result: yes
configure:18036: checking if g++ -Wl,--no-as-needed supports -c -o file.o
configure:18083: result: yes
configure:18113: checking whether the g++ -Wl,--no-as-needed linker (/cvmfs/cms.cern.ch/slc6_amd64_gcc481/external/gcc/4.8.1/x86_64-redhat-linux-gnu/bin/ld -m elf_x86_64) supports shared libraries
configure:18139: result: yes
configure:18276: checking dynamic linker characteristics
configure:18675: g++ -Wl,--no-as-needed -o conftest    -Wl,-rpath -Wl,/foo conftest.cpp  >&5
configure:18682: $? = 0
configure:18918: result: GNU/Linux ld.so
configure:18969: checking how to hardcode library paths into programs
configure:18994: result: immediate
configure:19139: checking if libtool supports shared libraries
configure:19141: result: yes
configure:19144: checking whether to build shared libraries
configure:19164: result: yes
configure:19167: checking whether to build static libraries
configure:19171: result: no
configure:19197: gfortran -c -g -O2  conftest.f >&5
configure:19200: $? = 0
configure:19310: checking for gfortran option to produce PIC
configure:19582: result: -fPIC
configure:19591: checking if gfortran PIC flag -fPIC works
configure:19609: gfortran -c -g -O2 -fPIC  conftest.f >&5
configure:19613: $? = 0
configure:19626: result: yes
configure:19647: checking if gfortran static flag -static works
configure:19675: result: yes
configure:19687: checking if gfortran supports -c -o file.o
configure:19708: gfortran -c -g -O2 -o out/conftest2.o  conftest.f >&5
configure:19712: $? = 0
configure:19734: result: yes
configure:19739: checking if gfortran supports -c -o file.o
configure:19786: result: yes
configure:19816: checking whether the gfortran linker (/cvmfs/cms.cern.ch/slc6_amd64_gcc481/external/gcc/4.8.1/x86_64-redhat-linux-gnu/bin/ld -m elf_x86_64) supports shared libraries
configure:20870: result: yes
configure:21007: checking dynamic linker characteristics
configure:21388: gfortran -o conftest -g -O2  -Wl,-rpath -Wl,/foo  conftest.f  >&5
configure:21395: $? = 0
configure:21631: result: GNU/Linux ld.so
configure:21682: checking how to hardcode library paths into programs
configure:21707: result: immediate
configure:21754: checking for ANSI C header files
configure:21930: result: yes
configure:21940: checking for an ANSI C-conforming const
configure:22023: gcc -c -g -O2  conftest.c >&5
configure:22030: $? = 0
configure:22045: result: yes
configure:22055: checking for size_t
configure:22091: gcc -c -g -O2  conftest.c >&5
configure:22098: $? = 0
configure:22133: gcc -c -g -O2  conftest.c >&5
conftest.c: In function 'main':
conftest.c:73:21: error: expected expression before ')' token
 if (sizeof ((size_t)))
                     ^
configure:22140: $? = 1
configure: failed program was:
| /* confdefs.h.  */
| #define PACKAGE_NAME "SHERPA MC"
| #define PACKAGE_TARNAME "SHERPA-MC"
| #define PACKAGE_VERSION "2.2.0"
| #define PACKAGE_STRING "SHERPA MC 2.2.0"
| #define PACKAGE_BUGREPORT "sherpa@projects.hepforge.org"
| #define PACKAGE "SHERPA-MC"
| #define VERSION "2.2.0"
| #define ARCH_LINUX "1"
| #define LIB_SUFFIX ".so"
| #define LD_PATH_NAME "LD_LIBRARY_PATH"
| #define SHERPA_NAME "Cho Oyu"
| #define FC_FUNC(name,NAME) name ## _
| #define FC_FUNC_(name,NAME) name ## _
| #define STDC_HEADERS 1
| #define HAVE_SYS_TYPES_H 1
| #define HAVE_SYS_STAT_H 1
| #define HAVE_STDLIB_H 1
| #define HAVE_STRING_H 1
| #define HAVE_MEMORY_H 1
| #define HAVE_STRINGS_H 1
| #define HAVE_INTTYPES_H 1
| #define HAVE_STDINT_H 1
| #define HAVE_UNISTD_H 1
| #define HAVE_DLFCN_H 1
| #define LT_OBJDIR ".libs/"
| #define STDC_HEADERS 1
| /* end confdefs.h.  */
| #include <stdio.h>
| #ifdef HAVE_SYS_TYPES_H
| # include <sys/types.h>
| #endif
| #ifdef HAVE_SYS_STAT_H
| # include <sys/stat.h>
| #endif
| #ifdef STDC_HEADERS
| # include <stdlib.h>
| # include <stddef.h>
| #else
| # ifdef HAVE_STDLIB_H
| #  include <stdlib.h>
| # endif
| #endif
| #ifdef HAVE_STRING_H
| # if !defined STDC_HEADERS && defined HAVE_MEMORY_H
| #  include <memory.h>
| # endif
| # include <string.h>
| #endif
| #ifdef HAVE_STRINGS_H
| # include <strings.h>
| #endif
| #ifdef HAVE_INTTYPES_H
| # include <inttypes.h>
| #endif
| #ifdef HAVE_STDINT_H
| # include <stdint.h>
| #endif
| #ifdef HAVE_UNISTD_H
| # include <unistd.h>
| #endif
| #ifdef FC_DUMMY_MAIN
| #ifndef FC_DUMMY_MAIN_EQ_F77
| #  ifdef __cplusplus
|      extern "C"
| #  endif
|    int FC_DUMMY_MAIN() { return 1; }
| #endif
| #endif
| int
| main ()
| {
| if (sizeof ((size_t)))
| 	  return 0;
|   ;
|   return 0;
| }
configure:22163: result: yes
configure:22179: checking for mkdir
configure:22243: gcc -o conftest -g -O2   conftest.c  >&5
configure:22250: $? = 0
configure:22272: result: yes
configure:22336: checking for SQLite3 library >= 3.3.9
configure:22409: gcc -c -g -O2  -I/cvmfs/cms.cern.ch/slc6_amd64_gcc481/external/sqlite/3.7.17/include conftest.c >&5
configure:22416: $? = 0
configure:22422: result: yes
configure:22506: checking whether to enable versioning
configure:22508: result: no
configure:22518: checking for analysis
configure:22523: result: yes
configure:22544: checking for HepMC2 installation directory
configure:22569: result: /cvmfs/cms.cern.ch/slc6_amd64_gcc481/external/hepmc/2.06.07-cms4
configure:22922: checking for LHOLE
configure:22923: result: no
configure:23841: checking whether to install relocatable Sherpa
configure:23842: result: no
configure:24449: creating ./config.status

## ---------------------- ##
## Running config.status. ##
## ---------------------- ##

This file was extended by SHERPA MC config.status 2.2.0, which was
generated by GNU Autoconf 2.63.  Invocation command line was

  CONFIG_FILES    = 
  CONFIG_HEADERS  = 
  CONFIG_LINKS    = 
  CONFIG_COMMANDS = 
  $ ./config.status 

on lxplus0029.cern.ch

config.status:1466: creating ATOOLS/Math/Makefile
config.status:1466: creating ATOOLS/Phys/Makefile
config.status:1466: creating ATOOLS/Org/Makefile
config.status:1466: creating ATOOLS/Makefile
config.status:1466: creating METOOLS/Explicit/Makefile
config.status:1466: creating METOOLS/Currents/Makefile
config.status:1466: creating METOOLS/Vertices/Makefile
config.status:1466: creating METOOLS/Colors/Makefile
config.status:1466: creating METOOLS/SpinCorrelations/Makefile
config.status:1466: creating METOOLS/Main/Makefile
config.status:1466: creating METOOLS/Loops/Makefile
config.status:1466: creating METOOLS/Makefile
config.status:1466: creating BEAM/Main/Makefile
config.status:1466: creating BEAM/Makefile
config.status:1466: creating PDF/Main/Makefile
config.status:1466: creating PDF/Electron/Makefile
config.status:1466: creating PDF/LHAPDF/Makefile
config.status:1466: creating PDF/CT12/Makefile
config.status:1466: creating PDF/CT10/Makefile
config.status:1466: creating PDF/MSTW/Makefile
config.status:1466: creating PDF/MRST/Makefile
config.status:1466: creating PDF/NNPDF/Makefile
config.status:1466: creating PDF/CTEQ/Makefile
config.status:1466: creating PDF/GRV/Makefile
config.status:1466: creating PDF/Remnant/Makefile
config.status:1466: creating PDF/Makefile
config.status:1466: creating MODEL/Main/Makefile
config.status:1466: creating MODEL/SM/Makefile
config.status:1466: creating MODEL/HEFT/Makefile
config.status:1466: creating MODEL/TauPi/Makefile
config.status:1466: creating MODEL/UFO/Makefile
config.status:1466: creating MODEL/UFO/Sherpa-generate-model
config.status:1466: creating MODEL/UFO/sconstruct_template
config.status:1466: creating MODEL/Makefile
config.status:1466: creating MCATNLO/Tools/Makefile
config.status:1466: creating MCATNLO/Calculators/Makefile
config.status:1466: creating MCATNLO/Showers/Makefile
config.status:1466: creating MCATNLO/Main/Makefile
config.status:1466: creating MCATNLO/Makefile
config.status:1466: creating PHASIC++/Main/Makefile
config.status:1466: creating PHASIC++/Channels/Makefile
config.status:1466: creating PHASIC++/Process/Makefile
config.status:1466: creating PHASIC++/Selectors/Makefile
config.status:1466: creating PHASIC++/Scales/Makefile
config.status:1466: creating PHASIC++/Enhance/Makefile
config.status:1466: creating PHASIC++/Decays/Makefile
config.status:1466: creating PHASIC++/Makefile
config.status:1466: creating EXTRA_XS/Main/Makefile
config.status:1466: creating EXTRA_XS/Two2Two/Makefile
config.status:1466: creating EXTRA_XS/NLO/Makefile
config.status:1466: creating EXTRA_XS/Cluster/Makefile
config.status:1466: creating EXTRA_XS/One2Two/Makefile
config.status:1466: creating EXTRA_XS/One2Three/Makefile
config.status:1466: creating EXTRA_XS/Makefile
config.status:1466: creating AMEGIC++/Main/Makefile
config.status:1466: creating AMEGIC++/Main/makelibs
config.status:1466: creating AMEGIC++/Main/make2scons
config.status:1466: creating AMEGIC++/DipoleSubtraction/Makefile
config.status:1466: creating AMEGIC++/Amplitude/Makefile
config.status:1466: creating AMEGIC++/Amplitude/Zfunctions/Makefile
config.status:1466: creating AMEGIC++/Phasespace/Makefile
config.status:1466: creating AMEGIC++/String/Makefile
config.status:1466: creating AMEGIC++/Cluster/Makefile
config.status:1466: creating AMEGIC++/Makefile
config.status:1466: creating COMIX/Amplitude/Makefile
config.status:1466: creating COMIX/Phasespace/Makefile
config.status:1466: creating COMIX/Main/Makefile
config.status:1466: creating COMIX/Cluster/Makefile
config.status:1466: creating COMIX/Makefile
config.status:1466: creating CSSHOWER++/Tools/Makefile
config.status:1466: creating CSSHOWER++/Calculators/Makefile
config.status:1466: creating CSSHOWER++/Showers/Makefile
config.status:1466: creating CSSHOWER++/Main/Makefile
config.status:1466: creating CSSHOWER++/Makefile
config.status:1466: creating DIRE/Tools/Makefile
config.status:1466: creating DIRE/Shower/Makefile
config.status:1466: creating DIRE/Gauge/Makefile
config.status:1466: creating DIRE/Lorentz/Makefile
config.status:1466: creating DIRE/Main/Makefile
config.status:1466: creating DIRE/Makefile
config.status:1466: creating DIM/Tools/Makefile
config.status:1466: creating DIM/Shower/Makefile
config.status:1466: creating DIM/Gauge/Makefile
config.status:1466: creating DIM/Lorentz/Makefile
config.status:1466: creating DIM/Main/Makefile
config.status:1466: creating DIM/Makefile
config.status:1466: creating AMISIC++/Tools/Makefile
config.status:1466: creating AMISIC++/Model/Makefile
config.status:1466: creating AMISIC++/Main/Makefile
config.status:1466: creating AMISIC++/Makefile
config.status:1466: creating AHADIC++/Tools/Makefile
config.status:1466: creating AHADIC++/Formation/Makefile
config.status:1466: creating AHADIC++/Decays/Makefile
config.status:1466: creating AHADIC++/Main/Makefile
config.status:1466: creating AHADIC++/Makefile
config.status:1466: creating HADRONS++/Main/Makefile
config.status:1466: creating HADRONS++/ME_Library/Makefile
config.status:1466: creating HADRONS++/Current_Library/Makefile
config.status:1466: creating HADRONS++/PS_Library/Makefile
config.status:1466: creating HADRONS++/Run/Makefile
config.status:1466: creating HADRONS++/Makefile
config.status:1466: creating PHOTONS++/Main/Makefile
config.status:1466: creating PHOTONS++/Tools/Makefile
config.status:1466: creating PHOTONS++/PhaseSpace/Makefile
config.status:1466: creating PHOTONS++/MEs/Makefile
config.status:1466: creating PHOTONS++/Makefile
config.status:1466: creating SHRiMPS/Makefile
config.status:1466: creating SHRiMPS/Main/Makefile
config.status:1466: creating SHRiMPS/Event_Generation/Makefile
config.status:1466: creating SHRiMPS/Beam_Remnants/Makefile
config.status:1466: creating SHRiMPS/Cross_Sections/Makefile
config.status:1466: creating SHRiMPS/Eikonals/Makefile
config.status:1466: creating SHRiMPS/Tools/Makefile
config.status:1466: creating SHERPA/Tools/Makefile
config.status:1466: creating SHERPA/LundTools/Makefile
config.status:1466: creating SHERPA/LundTools/pythia-6.4.18.f
config.status:1466: creating SHERPA/Initialization/Makefile
config.status:1466: creating SHERPA/PerturbativePhysics/Makefile
config.status:1466: creating SHERPA/SoftPhysics/Makefile
config.status:1466: creating SHERPA/Single_Events/Makefile
config.status:1466: creating SHERPA/Main/Makefile
config.status:1466: creating SHERPA/Run/Makefile
config.status:1466: creating SHERPA/Run/Sherpa-config
config.status:1466: creating SHERPA/Makefile
config.status:1466: creating Manual/Makefile
config.status:1466: creating Manual/sherpa-completion
config.status:1466: creating Examples/Makefile
config.status:1466: creating AddOns/Python/Makefile
config.status:1466: creating AddOns/Analysis/Tools/Makefile
config.status:1466: creating AddOns/Analysis/Main/Makefile
config.status:1466: creating AddOns/Analysis/Triggers/Makefile
config.status:1466: creating AddOns/Analysis/Observables/Makefile
config.status:1466: creating AddOns/Analysis/Analyses/Makefile
config.status:1466: creating AddOns/Analysis/Scripts/Makefile
config.status:1466: creating AddOns/Analysis/Makefile
config.status:1466: creating AddOns/Pythia/Makefile
config.status:1466: creating AddOns/Higgs/Makefile
config.status:1466: creating AddOns/BlackHat/Makefile
config.status:1466: creating AddOns/OpenLoops/Makefile
config.status:1466: creating AddOns/MCFM/Makefile
config.status:1466: creating AddOns/LH_OLE/Makefile
config.status:1466: creating AddOns/HZTool/Makefile
config.status:1466: creating AddOns/PGS/Makefile
config.status:1466: creating AddOns/Delphes/Makefile
config.status:1466: creating AddOns/Rivet/Makefile
config.status:1466: creating AddOns/HepMC/Makefile
config.status:1466: creating AddOns/Root/Makefile
config.status:1466: creating AddOns/Makefile
config.status:1466: creating Makefile
config.status:1466: creating config.h
config.status:1688: config.h is unchanged
config.status:1466: creating ATOOLS/Org/CXXFLAGS.H
config.status:1688: ATOOLS/Org/CXXFLAGS.H is unchanged
config.status:1466: creating ATOOLS/Org/CXXFLAGS_PACKAGES.H
config.status:1688: ATOOLS/Org/CXXFLAGS_PACKAGES.H is unchanged
config.status:1740: executing depfiles commands
config.status:1740: executing libtool commands

## ---------------- ##
## Cache variables. ##
## ---------------- ##

ac_cv_build=x86_64-unknown-linux-gnu
ac_cv_c_compiler_gnu=yes
ac_cv_c_const=yes
ac_cv_cxx_compiler_gnu=yes
ac_cv_env_CCC_set=
ac_cv_env_CCC_value=
ac_cv_env_CC_set=
ac_cv_env_CC_value=
ac_cv_env_CFLAGS_set=
ac_cv_env_CFLAGS_value=
ac_cv_env_CPPFLAGS_set=
ac_cv_env_CPPFLAGS_value=
ac_cv_env_CPP_set=
ac_cv_env_CPP_value=
ac_cv_env_CXXCPP_set=
ac_cv_env_CXXCPP_value=
ac_cv_env_CXXFLAGS_set=
ac_cv_env_CXXFLAGS_value=
ac_cv_env_CXX_set=
ac_cv_env_CXX_value=
ac_cv_env_FCFLAGS_set=
ac_cv_env_FCFLAGS_value=
ac_cv_env_FC_set=
ac_cv_env_FC_value=
ac_cv_env_LDFLAGS_set=
ac_cv_env_LDFLAGS_value=
ac_cv_env_LIBS_set=
ac_cv_env_LIBS_value=
ac_cv_env_MPICXX_set=
ac_cv_env_MPICXX_value=
ac_cv_env_PYTHON_VERSION_set=
ac_cv_env_PYTHON_VERSION_value=
ac_cv_env_build_alias_set=
ac_cv_env_build_alias_value=
ac_cv_env_host_alias_set=
ac_cv_env_host_alias_value=
ac_cv_env_target_alias_set=
ac_cv_env_target_alias_value=
ac_cv_fc_compiler_gnu=yes
ac_cv_fc_dummy_main=none
ac_cv_fc_libs=' -L/cvmfs/cms.cern.ch/slc6_amd64_gcc481/external/gcc/4.8.1/bin/../lib/gcc/x86_64-redhat-linux-gnu/4.8.1 -L/cvmfs/cms.cern.ch/slc6_amd64_gcc481/external/gcc/4.8.1/bin/../lib/gcc -L/cvmfs/cms.cern.ch/slc6_amd64_gcc481/external/gcc/4.8.1/bin/../lib/gcc/x86_64-redhat-linux-gnu/4.8.1/../../../../lib64 -L/lib/../lib64 -L/usr/lib/../lib64 -L/cvmfs/cms.cern.ch/slc6_amd64_gcc481/external/gcc/4.8.1/bin/../lib/gcc/x86_64-redhat-linux-gnu/4.8.1/../../../../x86_64-redhat-linux-gnu/lib -L/cvmfs/cms.cern.ch/slc6_amd64_gcc481/external/gcc/4.8.1/bin/../lib/gcc/x86_64-redhat-linux-gnu/4.8.1/../../.. -lgfortran -lm -lquadmath'
ac_cv_fc_mangling='lower case, underscore, no extra underscore'
ac_cv_fortran_dummy_main=none
ac_cv_func_mkdir=yes
ac_cv_header_dlfcn_h=yes
ac_cv_header_inttypes_h=yes
ac_cv_header_memory_h=yes
ac_cv_header_stdc=yes
ac_cv_header_stdint_h=yes
ac_cv_header_stdlib_h=yes
ac_cv_header_string_h=yes
ac_cv_header_strings_h=yes
ac_cv_header_sys_stat_h=yes
ac_cv_header_sys_types_h=yes
ac_cv_header_unistd_h=yes
ac_cv_host=x86_64-unknown-linux-gnu
ac_cv_objext=o
ac_cv_path_EGREP='/bin/grep -E'
ac_cv_path_FGREP='/bin/grep -F'
ac_cv_path_GREP=/bin/grep
ac_cv_path_SED=/bin/sed
ac_cv_path_install='/usr/bin/install -c'
ac_cv_path_mkdir=/bin/mkdir
ac_cv_prog_AWK=gawk
ac_cv_prog_CPP='gcc -E'
ac_cv_prog_CXXCPP='g++ -Wl,--no-as-needed -E'
ac_cv_prog_ac_ct_AR=ar
ac_cv_prog_ac_ct_CC=gcc
ac_cv_prog_ac_ct_CXX=g++
ac_cv_prog_ac_ct_FC=gfortran
ac_cv_prog_ac_ct_OBJDUMP=objdump
ac_cv_prog_ac_ct_RANLIB=ranlib
ac_cv_prog_ac_ct_STRIP=strip
ac_cv_prog_cc_c89=
ac_cv_prog_cc_g=yes
ac_cv_prog_cxx_g=yes
ac_cv_prog_fc_g=yes
ac_cv_prog_fc_v=-v
ac_cv_prog_make_make_set=yes
ac_cv_type_size_t=yes
am_cv_CC_dependencies_compiler_type=gcc3
am_cv_CXX_dependencies_compiler_type=gcc3
am_cv_prog_tar_ustar=gnutar
lt_cv_deplibs_check_method=pass_all
lt_cv_file_magic_cmd='$MAGIC_CMD'
lt_cv_file_magic_test_file=
lt_cv_ld_reload_flag=-r
lt_cv_nm_interface='BSD nm'
lt_cv_objdir=.libs
lt_cv_path_LD=/cvmfs/cms.cern.ch/slc6_amd64_gcc481/external/gcc/4.8.1/x86_64-redhat-linux-gnu/bin/ld
lt_cv_path_LDCXX='/cvmfs/cms.cern.ch/slc6_amd64_gcc481/external/gcc/4.8.1/x86_64-redhat-linux-gnu/bin/ld -m elf_x86_64'
lt_cv_path_NM='/cvmfs/cms.cern.ch/slc6_amd64_gcc481/external/gcc/4.8.1/bin/nm -B'
lt_cv_prog_compiler_c_o=yes
lt_cv_prog_compiler_c_o_CXX=yes
lt_cv_prog_compiler_c_o_FC=yes
lt_cv_prog_compiler_pic_works=yes
lt_cv_prog_compiler_pic_works_CXX=yes
lt_cv_prog_compiler_pic_works_FC=yes
lt_cv_prog_compiler_rtti_exceptions=no
lt_cv_prog_compiler_static_works=yes
lt_cv_prog_compiler_static_works_CXX=no
lt_cv_prog_compiler_static_works_FC=yes
lt_cv_prog_gnu_ld=yes
lt_cv_prog_gnu_ldcxx=yes
lt_cv_sys_global_symbol_pipe='sed -n -e '\''s/^.*[	 ]\([ABCDGIRSTW][ABCDGIRSTW]*\)[	 ][	 ]*\([_A-Za-z][_A-Za-z0-9]*\)$/\1 \2 \2/p'\'''
lt_cv_sys_global_symbol_to_c_name_address='sed -n -e '\''s/^: \([^ ]*\) $/  {\"\1\", (void *) 0},/p'\'' -e '\''s/^[ABCDGIRSTW]* \([^ ]*\) \([^ ]*\)$/  {"\2", (void *) \&\2},/p'\'''
lt_cv_sys_global_symbol_to_c_name_address_lib_prefix='sed -n -e '\''s/^: \([^ ]*\) $/  {\"\1\", (void *) 0},/p'\'' -e '\''s/^[ABCDGIRSTW]* \([^ ]*\) \(lib[^ ]*\)$/  {"\2", (void *) \&\2},/p'\'' -e '\''s/^[ABCDGIRSTW]* \([^ ]*\) \([^ ]*\)$/  {"lib\2", (void *) \&\2},/p'\'''
lt_cv_sys_global_symbol_to_cdecl='sed -n -e '\''s/^T .* \(.*\)$/extern int \1();/p'\'' -e '\''s/^[ABCDGIRSTW]* .* \(.*\)$/extern char \1;/p'\'''
lt_cv_sys_max_cmd_len=1966080

## ----------------- ##
## Output variables. ##
## ----------------- ##

ACLOCAL='${SHELL} /afs/cern.ch/work/s/soffi/CMSSW720-HggInt/src/hintmcnlo/missing --run aclocal-1.11'
AHADICBUILDDIR='${top_builddir}/AHADIC++'
AHADICDIR='${top_srcdir}/AHADIC++'
AHADICLIBS='-L${AHADICBUILDDIR}/Main -L${AHADICBUILDDIR}/Tools -L${AHADICBUILDDIR}/Formation -L${AHADICBUILDDIR}/Decays               -lAhadicMain -lAhadicTools -lAhadicFormation -lAhadicDecays'
AMDEPBACKSLASH='\'
AMDEP_FALSE='#'
AMDEP_TRUE=''
AMEGICBUILDDIR='${top_builddir}/AMEGIC++'
AMEGICDIR='${top_srcdir}/AMEGIC++'
AMEGICLIBS='-L${AMEGICBUILDDIR}/Main -L${AMEGICBUILDDIR}/DipoleSubtraction 	      -L${AMEGICBUILDDIR}/Amplitude -L${AMEGICBUILDDIR}/Phasespace               -L${AMEGICBUILDDIR}/String -L${AMEGICBUILDDIR}/Amplitude/Zfunctions -L${AMEGICBUILDDIR}/Cluster               -lAmegic -lDipoleSubtraction -lAmplitude -lAmegicPSGen -lZfunctions -lString -lAmegicCluster'
AMISICBUILDDIR='${top_builddir}/AMISIC++'
AMISICDIR='${top_srcdir}/AMISIC++'
AMISICLIBS='-L${AMISICBUILDDIR}/Main -L${AMISICBUILDDIR}/Tools -L${AMISICBUILDDIR}/Model               -lAmisic -lAmisicModel -lAmisicTools'
AMTAR='${SHELL} /afs/cern.ch/work/s/soffi/CMSSW720-HggInt/src/hintmcnlo/missing --run tar'
AM_BACKSLASH='\'
AM_CPPFLAGS='-I$(top_srcdir)'
AM_CXXFLAGS='-g -O2'
AM_DEFAULT_VERBOSITY='1'
AM_FFLAGS=''
AM_LDFLAGS='-rdynamic -Wl,--no-as-needed'
AR='ar'
ATOOLSBUILDDIR='${top_builddir}/ATOOLS'
ATOOLSDIR='${top_srcdir}/ATOOLS'
ATOOLSLIBS='-L${ATOOLSBUILDDIR}/Phys -L${ATOOLSBUILDDIR}/Math               -L${ATOOLSBUILDDIR}/Org               -lToolsPhys -lToolsMath -lToolsOrg'
AUTOCONF='${SHELL} /afs/cern.ch/work/s/soffi/CMSSW720-HggInt/src/hintmcnlo/missing --run autoconf'
AUTOHEADER='${SHELL} /afs/cern.ch/work/s/soffi/CMSSW720-HggInt/src/hintmcnlo/missing --run autoheader'
AUTOMAKE='${SHELL} /afs/cern.ch/work/s/soffi/CMSSW720-HggInt/src/hintmcnlo/missing --run automake-1.11'
AWK='gawk'
AX_SWIG_PYTHON_CPPFLAGS=''
AX_SWIG_PYTHON_OPT=''
BEAMBUILDDIR='${top_builddir}/BEAM'
BEAMDIR='${top_srcdir}/BEAM'
BEAMLIBS='-L${BEAMBUILDDIR}/Main -lBeam'
BINDIR='/afs/cern.ch/work/s/soffi/CMSSW720-HggInt/src/hintmcnlo/bin'
BLACKHAT_SUPPORT_FALSE=''
BLACKHAT_SUPPORT_TRUE='#'
CC='gcc'
CCDEPMODE='depmode=gcc3'
CERNLIB_SUPPORT_FALSE=''
CERNLIB_SUPPORT_TRUE='#'
CFLAGS='-g -O2'
COMIXBUILDDIR='${top_builddir}/COMIX'
COMIXDIR='${top_srcdir}/COMIX'
COMIXLIBS='-L${COMIXBUILDDIR}/Amplitude -L${COMIXBUILDDIR}/Phasespace -L${COMIXBUILDDIR}/Main -L${COMIXBUILDDIR}/Cluster -lComixAmplitude -lComixPhasespace -lComix -lComixCluster'
CONDITIONAL_BLACKHATDIR=''
CONDITIONAL_BLACKHATINCS=''
CONDITIONAL_BLACKHATLIBS=''
CONDITIONAL_CERNLIBLIBS=''
CONDITIONAL_DELPHESINCS=''
CONDITIONAL_DELPHESLIBS=''
CONDITIONAL_FASTJETDIR=''
CONDITIONAL_FASTJETINCS=''
CONDITIONAL_FASTJETLIBS=''
CONDITIONAL_GZIPINCS=''
CONDITIONAL_GZIPLIBS=''
CONDITIONAL_HEPMC2DIR='/cvmfs/cms.cern.ch/slc6_amd64_gcc481/external/hepmc/2.06.07-cms4'
CONDITIONAL_HEPMC2INCS='-I/cvmfs/cms.cern.ch/slc6_amd64_gcc481/external/hepmc/2.06.07-cms4/include'
CONDITIONAL_HEPMC2LIBS='-L/cvmfs/cms.cern.ch/slc6_amd64_gcc481/external/hepmc/2.06.07-cms4/lib -R/cvmfs/cms.cern.ch/slc6_amd64_gcc481/external/hepmc/2.06.07-cms4/lib -L/cvmfs/cms.cern.ch/slc6_amd64_gcc481/external/hepmc/2.06.07-cms4/lib64 -R/cvmfs/cms.cern.ch/slc6_amd64_gcc481/external/hepmc/2.06.07-cms4/lib64 -lHepMC'
CONDITIONAL_HZTOOLDIR=''
CONDITIONAL_HZTOOLINCS=''
CONDITIONAL_HZTOOLLIBS=''
CONDITIONAL_LHAPDFDIR=''
CONDITIONAL_LHAPDFINCS=''
CONDITIONAL_LHAPDFLIBS=''
CONDITIONAL_MCFMDIR=''
CONDITIONAL_MCFMLIBS=''
CONDITIONAL_PGSLIBS=''
CONDITIONAL_RIVETCPPFLAGS=''
CONDITIONAL_RIVETLDADD=''
CONDITIONAL_ROOTDIR=''
CONDITIONAL_ROOTFLAGS=''
CONDITIONAL_ROOTINCS=''
CONDITIONAL_ROOTLIBS=''
CPP='gcc -E'
CPPFLAGS=''
CSSBUILDDIR='${top_builddir}/CSSHOWER++'
CSSDIR='${top_srcdir}/CSSHOWER++'
CSSLIBS='-L${CSSBUILDDIR}/Main -L${CSSBUILDDIR}/Calculators -L${CSSBUILDDIR}/Showers -L${CSSBUILDDIR}/Tools 		-lCSTools -lCSCalculators -lCSShowers -lCSMain'
CXX='g++ -Wl,--no-as-needed'
CXXCPP='g++ -Wl,--no-as-needed -E'
CXXDEPMODE='depmode=gcc3'
CXXFLAGS=''
CYGPATH_W='echo'
DATADIR='/afs/cern.ch/work/s/soffi/CMSSW720-HggInt/src/hintmcnlo/share/SHERPA-MC'
DEFS='-DHAVE_CONFIG_H'
DELPHES_SUPPORT_FALSE=''
DELPHES_SUPPORT_TRUE='#'
DEPDIR='.deps'
DIMBUILDDIR='${top_builddir}/DIM'
DIMDIR='${top_srcdir}/DIM'
DIMLIBS='-L${DIMBUILDDIR}/Tools -L${DIMBUILDDIR}/Shower -L${DIMBUILDDIR}/Gauge -L${DIMBUILDDIR}/Lorentz -L${DIMBUILDDIR}/Main 		-lDIMTools -lDIMShower -lDIMGauge -lDIMLorentz -lDIMMain'
DIREBUILDDIR='${top_builddir}/DIRE'
DIREDIR='${top_srcdir}/DIRE'
DIRELIBS='-L${DIREBUILDDIR}/Tools -L${DIREBUILDDIR}/Shower -L${DIREBUILDDIR}/Gauge -L${DIREBUILDDIR}/Lorentz -L${DIREBUILDDIR}/Main 		-lDireTools -lDireShower -lDireGauge -lDireLorentz -lDireMain'
DSYMUTIL=''
DUMPBIN=''
ECHO_C=''
ECHO_N='-n'
ECHO_T=''
EGREP='/bin/grep -E'
ENABLE_PYEXT_FALSE=''
ENABLE_PYEXT_TRUE='#'
EXEEXT=''
EXTRAXSBUILDDIR='${top_builddir}/EXTRA_XS'
EXTRAXSDIR='${top_srcdir}/EXTRA_XS'
EXTRAXSLIBS='-L${EXTRAXSBUILDDIR}/Main -lExtraXS                -L${EXTRAXSBUILDDIR}/Two2Two -lExtraXS2_2                -L${EXTRAXSBUILDDIR}/One2Two -lExtraXS1_2                -L${EXTRAXSBUILDDIR}/One2Three -lExtraXS1_3                -L${EXTRAXSBUILDDIR}/Cluster -lExtraXSCluster                -L${EXTRAXSBUILDDIR}/NLO -lExtraXSNLO'
F77='gfortran'
FASTJET_SUPPORT_FALSE=''
FASTJET_SUPPORT_TRUE='#'
FC='gfortran'
FCFLAGS='-g -O2'
FCLIBS=' -L/cvmfs/cms.cern.ch/slc6_amd64_gcc481/external/gcc/4.8.1/bin/../lib/gcc/x86_64-redhat-linux-gnu/4.8.1 -L/cvmfs/cms.cern.ch/slc6_amd64_gcc481/external/gcc/4.8.1/bin/../lib/gcc -L/cvmfs/cms.cern.ch/slc6_amd64_gcc481/external/gcc/4.8.1/bin/../lib/gcc/x86_64-redhat-linux-gnu/4.8.1/../../../../lib64 -L/lib/../lib64 -L/usr/lib/../lib64 -L/cvmfs/cms.cern.ch/slc6_amd64_gcc481/external/gcc/4.8.1/bin/../lib/gcc/x86_64-redhat-linux-gnu/4.8.1/../../../../x86_64-redhat-linux-gnu/lib -L/cvmfs/cms.cern.ch/slc6_amd64_gcc481/external/gcc/4.8.1/bin/../lib/gcc/x86_64-redhat-linux-gnu/4.8.1/../../.. -lgfortran -lm -lquadmath'
FGREP='/bin/grep -F'
GREP='/bin/grep'
GZIP_SUPPORT_FALSE=''
GZIP_SUPPORT_TRUE='#'
HADRONSBUILDDIR='${top_builddir}/HADRONS++'
HADRONSDIR='${top_srcdir}/HADRONS++'
HADRONSLIBS='-L${HADRONSBUILDDIR}/Main -L${HADRONSBUILDDIR}/ME_Library                -L${HADRONSBUILDDIR}/Current_Library -L${HADRONSBUILDDIR}/PS_Library                -lHadronsMain -lHadronsMEs -lHadronsCurrents -lHadronsPSs'
HEPEVT_CB_SIZE='10000'
HEPMC2_SUPPORT_FALSE='#'
HEPMC2_SUPPORT_TRUE=''
HZTOOL_SUPPORT_FALSE=''
HZTOOL_SUPPORT_TRUE='#'
INCLUDEDIR='/afs/cern.ch/work/s/soffi/CMSSW720-HggInt/src/hintmcnlo/include/SHERPA-MC'
INSTALL_DATA='${INSTALL} -m 644'
INSTALL_PROGRAM='${INSTALL}'
INSTALL_SCRIPT='${INSTALL}'
INSTALL_STRIP_PROGRAM='$(install_sh) -c -s'
LD='/cvmfs/cms.cern.ch/slc6_amd64_gcc481/external/gcc/4.8.1/x86_64-redhat-linux-gnu/bin/ld -m elf_x86_64'
LDFLAGS=''
LHAPDF6_SUPPORT_FALSE=''
LHAPDF6_SUPPORT_TRUE='#'
LHAPDF_SUPPORT_FALSE=''
LHAPDF_SUPPORT_TRUE='#'
LIBDIR='/afs/cern.ch/work/s/soffi/CMSSW720-HggInt/src/hintmcnlo/lib/SHERPA-MC'
LIBOBJS=''
LIBS=''
LIBTOOL='$(SHELL) $(top_builddir)/libtool'
LIPO=''
LN_S='ln -s'
LOADMPIFORPY=''
LTLIBOBJS=''
MAKEINFO='${SHELL} /afs/cern.ch/work/s/soffi/CMSSW720-HggInt/src/hintmcnlo/missing --run makeinfo'
MCATNLOBUILDDIR='${top_builddir}/MCATNLO'
MCATNLODIR='${top_srcdir}/MCATNLO'
MCATNLOLIBS='-L${MCATNLOBUILDDIR}/Main -L${MCATNLOBUILDDIR}/Calculators -L${MCATNLOBUILDDIR}/Showers -L${MCATNLOBUILDDIR}/Tools 		-lMCatNLOTools -lMCatNLOCalculators -lMCatNLOShowers -lMCatNLOMain'
MCFM_SUPPORT_FALSE=''
MCFM_SUPPORT_TRUE='#'
MD5COMMAND='md5sum | cut -d'\'' '\'' -f1'
METOOLSBUILDDIR='${top_builddir}/METOOLS'
METOOLSDIR='${top_srcdir}/METOOLS'
METOOLSLIBS='-L${METOOLSBUILDDIR}/Explicit -lMEToolsExplicit                   -L${METOOLSBUILDDIR}/Currents -lMEToolsCurrents                   -L${METOOLSBUILDDIR}/Vertices -lMEToolsVertices                   -L${METOOLSBUILDDIR}/Colors  -lMEToolsColors                   -L${METOOLSBUILDDIR}/SpinCorrelations -lMEToolsSpinCorrelations                   -L${METOOLSBUILDDIR}/Loops -lMEToolsLoops                   -L${METOOLSBUILDDIR}/Main -lMEToolsMain'
MKDIR_P='/bin/mkdir -p'
MODELBUILDDIR='${top_builddir}/MODEL'
MODELDIR='${top_srcdir}/MODEL'
MODELLIBS='-L${MODELBUILDDIR}/Main              -lModelMain 	     -L${MODELBUILDDIR}/UFO 	     -lModelUFO'
MPICXX=''
NM='/cvmfs/cms.cern.ch/slc6_amd64_gcc481/external/gcc/4.8.1/bin/nm -B'
NMEDIT=''
OBJDUMP='objdump'
OBJEXT='o'
OPENLOOPS_SUPPORT_FALSE=''
OPENLOOPS_SUPPORT_TRUE='#'
OTOOL64=''
OTOOL=''
PACKAGE='SHERPA-MC'
PACKAGE_BUGREPORT='sherpa@projects.hepforge.org'
PACKAGE_NAME='SHERPA MC'
PACKAGE_STRING='SHERPA MC 2.2.0'
PACKAGE_TARNAME='SHERPA-MC'
PACKAGE_VERSION='2.2.0'
PATH_SEPARATOR=':'
PDFBUILDDIR='${top_builddir}/PDF'
PDFDIR='${top_srcdir}/PDF'
PDFLIBS='-L${PDFBUILDDIR}/Main -L${PDFBUILDDIR}/Remnant            -lPDF -lRemnant'
PGS_SUPPORT_FALSE=''
PGS_SUPPORT_TRUE='#'
PHASICBUILDDIR='${top_builddir}/PHASIC++'
PHASICDIR='${top_srcdir}/PHASIC++'
PHASICLIBS='-L${PHASICBUILDDIR}/Main -L${PHASICBUILDDIR}/Channels 	-L${PHASICBUILDDIR}/Process -L${PHASICBUILDDIR}/Selectors 	-L${PHASICBUILDDIR}/Scales -L${PHASICBUILDDIR}/Enhance 	-lPhasicChannels -lPhasicMain -lPhasicProcess 	-lPhasicSelectors -lPhasicScales -lPhasicEnhance     -L${PHASICBUILDDIR}/Decays -lPhasicDecays'
PHOTONSBUILDDIR='${top_builddir}/PHOTONS++'
PHOTONSDIR='${top_srcdir}/PHOTONS++'
PHOTONSLIBS='-L${PHOTONSBUILDDIR}/Main -L${PHOTONSBUILDDIR}/Tools                -L${PHOTONSBUILDDIR}/PhaseSpace -L${PHOTONSBUILDDIR}/MEs                -lPhotonsMain -lPhotonsTools -lPhotonsPhaseSpace -lPhotonsMEs'
PYLIBDIR=''
PYTHIA_SUPPORT_FALSE=''
PYTHIA_SUPPORT_TRUE='#'
PYTHON=''
PYTHON_CPPFLAGS=''
PYTHON_EXEC_PREFIX=''
PYTHON_EXTRA_LDFLAGS=''
PYTHON_EXTRA_LIBS=''
PYTHON_LDFLAGS=''
PYTHON_PLATFORM=''
PYTHON_PREFIX=''
PYTHON_SITE_PKG=''
PYTHON_VERSION=''
RANLIB='ranlib'
RIVET_SUPPORT_FALSE=''
RIVET_SUPPORT_TRUE='#'
ROOT_SUPPORT_FALSE=''
ROOT_SUPPORT_TRUE='#'
SED='/bin/sed'
SEDCOMMAND='sed -i -r'
SET_MAKE=''
SHELL='/bin/sh'
SHERPABUILDDIR='${top_builddir}/SHERPA'
SHERPADIR='${top_srcdir}/SHERPA'
SHERPALIBS='-L${SHERPABUILDDIR}/Single_Events -L${SHERPABUILDDIR}/PerturbativePhysics               -L${SHERPABUILDDIR}/LundTools -L${SHERPABUILDDIR}/Tools -L${SHERPABUILDDIR}/Main               -L${SHERPABUILDDIR}/Initialization -L${SHERPABUILDDIR}/SoftPhysics -L${SHERPABUILDDIR}/HerwigTools               -lSherpaMain -lSherpaInitialization -lSherpaSingleEvents               -lSherpaPerturbativePhysics -lSherpaSoftPhysics -lLundTools -lSherpaTools'
SHERPAPREFIX='/afs/cern.ch/work/s/soffi/CMSSW720-HggInt/src/hintmcnlo'
SHRIMPSBUILDDIR='${top_builddir}/SHRiMPS'
SHRIMPSDIR='${top_srcdir}/SHRiMPS'
SHRIMPSLIBS='-L${SHRIMPSBUILDDIR}/Main -L${SHRIMPSBUILDDIR}/Event_Generation         -L${SHRIMPSBUILDDIR}/Beam_Remnants -L${SHRIMPSBUILDDIR}/Cross_Sections        -L${SHRIMPSBUILDDIR}/Eikonals -L${SHRIMPSBUILDDIR}/Tools         -lShrimpsMain -lShrimpsEvents -lShrimpsBeamRemnants        -lShrimpsXsecs -lShrimpsEikonals -lShrimpsTools'
SQLITE3_CFLAGS='-I/cvmfs/cms.cern.ch/slc6_amd64_gcc481/external/sqlite/3.7.17/include'
SQLITE3_LDFLAGS='-L/cvmfs/cms.cern.ch/slc6_amd64_gcc481/external/sqlite/3.7.17/lib -lsqlite3'
SQLITE3_VERSION='3.7.17'
STRIP='strip'
SWIG=''
SWIG_LIB=''
USING__Analysis_FALSE='#'
USING__Analysis_TRUE=''
USING__LHOLE_FALSE=''
USING__LHOLE_TRUE='#'
USING__MPI_FALSE=''
USING__MPI_TRUE='#'
VERSION='2.2.0'
VERSIONING=''
ac_ct_CC='gcc'
ac_ct_CXX='g++'
ac_ct_DUMPBIN=''
ac_ct_FC='gfortran'
am__EXEEXT_FALSE=''
am__EXEEXT_TRUE='#'
am__fastdepCC_FALSE='#'
am__fastdepCC_TRUE=''
am__fastdepCXX_FALSE='#'
am__fastdepCXX_TRUE=''
am__include='include'
am__isrc=''
am__leading_dot='.'
am__quote=''
am__tar='tar --format=ustar -chf - "$$tardir"'
am__untar='tar -xf -'
bindir='${exec_prefix}/bin'
build='x86_64-unknown-linux-gnu'
build_alias=''
build_cpu='x86_64'
build_os='linux-gnu'
build_vendor='unknown'
datadir='${datarootdir}'
datarootdir='${prefix}/share'
docdir='${datarootdir}/doc/${PACKAGE_TARNAME}'
dvidir='${docdir}'
exec_prefix='/afs/cern.ch/work/s/soffi/CMSSW720-HggInt/src/hintmcnlo'
host='x86_64-unknown-linux-gnu'
host_alias=''
host_cpu='x86_64'
host_os='linux-gnu'
host_vendor='unknown'
htmldir='${docdir}'
includedir='${prefix}/include'
infodir='${datarootdir}/info'
install_sh='${SHELL} /afs/cern.ch/work/s/soffi/CMSSW720-HggInt/src/hintmcnlo/install-sh'
libdir='${exec_prefix}/lib'
libexecdir='${exec_prefix}/libexec'
localedir='${datarootdir}/locale'
localincdir='$(pkgincludedir)/$(subdir)'
localstatedir='${prefix}/var'
lt_ECHO='echo'
mandir='${datarootdir}/man'
mkdir_p='/bin/mkdir -p'
oldincludedir='/usr/include'
pdfdir='${docdir}'
pkgdatadir='${datadir}/${PACKAGE_TARNAME}'
pkgincludedir='${includedir}/${PACKAGE_TARNAME}'
pkglibdir='${libdir}/${PACKAGE_TARNAME}'
pkgpyexecdir=''
pkgpythondir=''
prefix='/afs/cern.ch/work/s/soffi/CMSSW720-HggInt/src/hintmcnlo'
program_transform_name='s,x,x,'
psdir='${docdir}'
pyexecdir=''
pythondir=''
sbindir='${exec_prefix}/sbin'
sharedstatedir='${prefix}/com'
sysconfdir='${prefix}/etc'
target_alias=''

## ----------- ##
## confdefs.h. ##
## ----------- ##

#define PACKAGE_NAME "SHERPA MC"
#define PACKAGE_TARNAME "SHERPA-MC"
#define PACKAGE_VERSION "2.2.0"
#define PACKAGE_STRING "SHERPA MC 2.2.0"
#define PACKAGE_BUGREPORT "sherpa@projects.hepforge.org"
#define PACKAGE "SHERPA-MC"
#define VERSION "2.2.0"
#define ARCH_LINUX "1"
#define LIB_SUFFIX ".so"
#define LD_PATH_NAME "LD_LIBRARY_PATH"
#define SHERPA_NAME "Cho Oyu"
#define FC_FUNC(name,NAME) name ## _
#define FC_FUNC_(name,NAME) name ## _
#define STDC_HEADERS 1
#define HAVE_SYS_TYPES_H 1
#define HAVE_SYS_STAT_H 1
#define HAVE_STDLIB_H 1
#define HAVE_STRING_H 1
#define HAVE_MEMORY_H 1
#define HAVE_STRINGS_H 1
#define HAVE_INTTYPES_H 1
#define HAVE_STDINT_H 1
#define HAVE_UNISTD_H 1
#define HAVE_DLFCN_H 1
#define LT_OBJDIR ".libs/"
#define STDC_HEADERS 1
#define HAVE_MKDIR 1
#define HAVE_SQLITE3 /**/
#define USING__HEPMC2 "1"
#define USING__HEPMC2__IOGENEVENT "1"
#define USING__HEPMC2__UNITS "1"
#define USING__HEPMC2__DEFS "1"
#define HEPEVT_CB_SIZE 10000
#define SHERPA_VERSION "2"
#define SHERPA_SUBVERSION "2.0"
#define SHERPA_PREFIX "/afs/cern.ch/work/s/soffi/CMSSW720-HggInt/src/hintmcnlo"
#define SHERPA_INCLUDE_PATH "/afs/cern.ch/work/s/soffi/CMSSW720-HggInt/src/hintmcnlo/include/SHERPA-MC"
#define SHERPA_LIBRARY_PATH "/afs/cern.ch/work/s/soffi/CMSSW720-HggInt/src/hintmcnlo/lib/SHERPA-MC"
#define SHERPA_SHARE_PATH "/afs/cern.ch/work/s/soffi/CMSSW720-HggInt/src/hintmcnlo/share/SHERPA-MC"
#define USING__COLOUR "1"

configure: exit 0

## ---------------------- ##
## Running config.status. ##
## ---------------------- ##

This file was extended by SHERPA MC config.status 2.2.0, which was
generated by GNU Autoconf 2.63.  Invocation command line was

  CONFIG_FILES    = 
  CONFIG_HEADERS  = 
  CONFIG_LINKS    = 
  CONFIG_COMMANDS = 
  $ ./config.status ATOOLS/Org/CXXFLAGS.H

on lxplus0029.cern.ch

config.status:1466: creating ATOOLS/Org/CXXFLAGS.H
config.status:1688: ATOOLS/Org/CXXFLAGS.H is unchanged
